<?xml version="1.0" encoding="UTF-8"?>
<coverage generated="1552406155230" clover="3.2.0">
  <project timestamp="1552406155230" name="All files">
    <metrics statements="166" coveredstatements="143" conditionals="101" coveredconditionals="70" methods="33" coveredmethods="27" elements="300" coveredelements="240" complexity="0" loc="166" ncloc="166" packages="2" files="6" classes="6"/>
    <package name="src">
      <metrics statements="142" coveredstatements="119" conditionals="101" coveredconditionals="70" methods="27" coveredmethods="21"/>
      <file name="Carousel.tsx" path="/Users/yi.a.zhuang/Desktop/backup/react-multi-carousel/src/Carousel.tsx">
        <metrics statements="131" coveredstatements="111" conditionals="101" coveredconditionals="70" methods="26" coveredmethods="21"/>
        <line num="1" count="1" type="stmt"/>
        <line num="3" count="1" type="stmt"/>
        <line num="9" count="1" type="stmt"/>
        <line num="12" count="1" type="stmt"/>
        <line num="13" count="1" type="stmt"/>
        <line num="15" count="1" type="stmt"/>
        <line num="32" count="7" type="stmt"/>
        <line num="33" count="7" type="stmt"/>
        <line num="34" count="7" type="stmt"/>
        <line num="44" count="7" type="stmt"/>
        <line num="45" count="7" type="stmt"/>
        <line num="46" count="7" type="stmt"/>
        <line num="47" count="7" type="stmt"/>
        <line num="48" count="7" type="stmt"/>
        <line num="49" count="7" type="stmt"/>
        <line num="50" count="7" type="stmt"/>
        <line num="51" count="7" type="stmt"/>
        <line num="52" count="7" type="stmt"/>
        <line num="53" count="7" type="stmt"/>
        <line num="54" count="7" type="stmt"/>
        <line num="55" count="7" type="stmt"/>
        <line num="56" count="7" type="stmt"/>
        <line num="59" count="7" type="stmt"/>
        <line num="60" count="7" type="stmt"/>
        <line num="61" count="7" type="stmt"/>
        <line num="62" count="7" type="stmt"/>
        <line num="64" count="7" type="stmt"/>
        <line num="67" count="0" type="stmt"/>
        <line num="71" count="28" type="stmt"/>
        <line num="72" count="28" type="stmt"/>
        <line num="73" count="84" type="stmt"/>
        <line num="74" count="84" type="stmt"/>
        <line num="76" count="34" type="stmt"/>
        <line num="77" count="34" type="stmt"/>
        <line num="86" count="34" type="stmt"/>
        <line num="87" count="34" type="stmt"/>
        <line num="90" count="34" type="stmt"/>
        <line num="95" count="0" type="stmt"/>
        <line num="102" count="21" type="stmt"/>
        <line num="113" count="0" type="stmt"/>
        <line num="114" count="0" type="stmt"/>
        <line num="118" count="0" type="stmt"/>
        <line num="121" count="0" type="stmt"/>
        <line num="122" count="0" type="stmt"/>
        <line num="125" count="0" type="stmt"/>
        <line num="129" count="5" type="stmt"/>
        <line num="132" count="20" type="stmt"/>
        <line num="133" count="20" type="stmt"/>
        <line num="134" count="20" type="stmt"/>
        <line num="136" count="20" type="stmt"/>
        <line num="142" count="20" type="stmt"/>
        <line num="143" count="20" type="stmt"/>
        <line num="145" count="13" type="stmt"/>
        <line num="154" count="2" type="stmt"/>
        <line num="155" count="2" type="stmt"/>
        <line num="156" count="2" type="stmt"/>
        <line num="162" count="5" type="stmt"/>
        <line num="167" count="16" type="stmt"/>
        <line num="168" count="16" type="stmt"/>
        <line num="169" count="16" type="stmt"/>
        <line num="171" count="16" type="stmt"/>
        <line num="172" count="16" type="stmt"/>
        <line num="174" count="10" type="stmt"/>
        <line num="180" count="2" type="stmt"/>
        <line num="185" count="4" type="stmt"/>
        <line num="186" count="4" type="stmt"/>
        <line num="188" count="4" type="stmt"/>
        <line num="196" count="3" type="stmt"/>
        <line num="198" count="3" type="stmt"/>
        <line num="201" count="0" type="stmt"/>
        <line num="202" count="0" type="stmt"/>
        <line num="206" count="22" type="stmt"/>
        <line num="207" count="22" type="stmt"/>
        <line num="208" count="22" type="stmt"/>
        <line num="209" count="22" type="stmt"/>
        <line num="216" count="1" type="stmt"/>
        <line num="218" count="22" type="cond" truecount="1" falsecount="1"/>
        <line num="219" count="22" type="stmt"/>
        <line num="220" count="22" type="stmt"/>
        <line num="221" count="22" type="stmt"/>
        <line num="222" count="22" type="stmt"/>
        <line num="229" count="1" type="stmt"/>
        <line num="231" count="22" type="cond" truecount="1" falsecount="1"/>
        <line num="233" count="0" type="stmt"/>
        <line num="234" count="0" type="stmt"/>
        <line num="238" count="14" type="stmt"/>
        <line num="239" count="14" type="stmt"/>
        <line num="246" count="14" type="stmt"/>
        <line num="248" count="14" type="stmt"/>
        <line num="254" count="12" type="stmt"/>
        <line num="258" count="8" type="stmt"/>
        <line num="260" count="8" type="stmt"/>
        <line num="261" count="8" type="stmt"/>
        <line num="263" count="6" type="stmt"/>
        <line num="266" count="22" type="stmt"/>
        <line num="271" count="0" type="stmt"/>
        <line num="274" count="23" type="cond" truecount="2" falsecount="0"/>
        <line num="276" count="23" type="cond" truecount="3" falsecount="0"/>
        <line num="279" count="1" type="stmt"/>
        <line num="283" count="14" type="stmt"/>
        <line num="286" count="14" type="stmt"/>
        <line num="289" count="8" type="stmt"/>
        <line num="292" count="8" type="stmt"/>
        <line num="294" count="22" type="stmt"/>
        <line num="300" count="0" type="stmt"/>
        <line num="302" count="0" type="stmt"/>
        <line num="307" count="0" type="stmt"/>
        <line num="308" count="0" type="stmt"/>
        <line num="313" count="100" type="stmt"/>
        <line num="315" count="98" type="stmt"/>
        <line num="316" count="8" type="stmt"/>
        <line num="319" count="2" type="stmt"/>
        <line num="323" count="0" type="stmt"/>
        <line num="329" count="100" type="stmt"/>
        <line num="331" count="98" type="stmt"/>
        <line num="332" count="6" type="stmt"/>
        <line num="335" count="2" type="stmt"/>
        <line num="339" count="0" type="stmt"/>
        <line num="346" count="100" type="stmt"/>
        <line num="360" count="100" type="stmt"/>
        <line num="363" count="100" type="cond" truecount="3" falsecount="1"/>
        <line num="365" count="0" type="stmt"/>
        <line num="368" count="100" type="cond" truecount="2" falsecount="2"/>
        <line num="369" count="100" type="stmt"/>
        <line num="370" count="100" type="stmt"/>
        <line num="375" count="100" type="cond" truecount="2" falsecount="0"/>
        <line num="382" count="100" type="cond" truecount="1" falsecount="1"/>
        <line num="383" count="100" type="cond" truecount="1" falsecount="1"/>
        <line num="384" count="100" type="stmt"/>
        <line num="414" count="1160" type="stmt"/>
        <line num="432" count="1" type="stmt"/>
      </file>
      <file name="style.ts" path="/Users/yi.a.zhuang/Desktop/backup/react-multi-carousel/src/style.ts">
        <metrics statements="7" coveredstatements="7" conditionals="0" coveredconditionals="0" methods="0" coveredmethods="0"/>
        <line num="24" count="1" type="stmt"/>
        <line num="29" count="1" type="stmt"/>
        <line num="36" count="1" type="stmt"/>
        <line num="37" count="1" type="stmt"/>
        <line num="38" count="1" type="stmt"/>
        <line num="39" count="1" type="stmt"/>
        <line num="40" count="1" type="stmt"/>
      </file>
      <file name="utils.ts" path="/Users/yi.a.zhuang/Desktop/backup/react-multi-carousel/src/utils.ts">
        <metrics statements="4" coveredstatements="1" conditionals="0" coveredconditionals="0" methods="1" coveredmethods="0"/>
        <line num="9" count="0" type="stmt"/>
        <line num="10" count="0" type="stmt"/>
        <line num="12" count="0" type="stmt"/>
        <line num="14" count="1" type="stmt"/>
      </file>
    </package>
    <package name="test">
      <metrics statements="24" coveredstatements="24" conditionals="0" coveredconditionals="0" methods="6" coveredmethods="6"/>
      <file name="Arrows.tsx" path="/Users/yi.a.zhuang/Desktop/backup/react-multi-carousel/test/Arrows.tsx">
        <metrics statements="9" coveredstatements="9" conditionals="0" coveredconditionals="0" methods="4" coveredmethods="4"/>
        <line num="1" count="1" type="stmt"/>
        <line num="2" count="1" type="stmt"/>
        <line num="4" count="1" type="stmt"/>
        <line num="5" count="98" type="stmt"/>
        <line num="6" count="8" type="stmt"/>
        <line num="15" count="1" type="stmt"/>
        <line num="16" count="98" type="stmt"/>
        <line num="19" count="6" type="stmt"/>
        <line num="29" count="1" type="stmt"/>
      </file>
      <file name="Card.tsx" path="/Users/yi.a.zhuang/Desktop/backup/react-multi-carousel/test/Card.tsx">
        <metrics statements="12" coveredstatements="12" conditionals="0" coveredconditionals="0" methods="1" coveredmethods="1"/>
        <line num="1" count="1" type="stmt"/>
        <line num="2" count="1" type="stmt"/>
        <line num="3" count="1" type="stmt"/>
        <line num="4" count="1" type="stmt"/>
        <line num="5" count="1" type="stmt"/>
        <line num="6" count="1" type="stmt"/>
        <line num="7" count="1" type="stmt"/>
        <line num="8" count="1" type="stmt"/>
        <line num="9" count="1" type="stmt"/>
        <line num="21" count="60" type="stmt"/>
        <line num="22" count="60" type="stmt"/>
        <line num="44" count="1" type="stmt"/>
      </file>
      <file name="fakeData.tsx" path="/Users/yi.a.zhuang/Desktop/backup/react-multi-carousel/test/fakeData.tsx">
        <metrics statements="3" coveredstatements="3" conditionals="0" coveredconditionals="0" methods="1" coveredmethods="1"/>
        <line num="4" count="1" type="stmt"/>
        <line num="7" count="12" type="stmt"/>
        <line num="13" count="1" type="stmt"/>
      </file>
    </package>
  </project>
</coverage>
