{"/Users/yi.a.zhuang/Desktop/backup/react-multi-carousel/lib/Arrows.js": {"path":"/Users/yi.a.zhuang/Desktop/backup/react-multi-carousel/lib/Arrows.js","statementMap":{"0":{"start":{"line":2,"column":0},"end":{"line":2,"column":62}},"1":{"start":{"line":3,"column":12},"end":{"line":3,"column":28}},"2":{"start":{"line":4,"column":16},"end":{"line":13,"column":1}},"3":{"start":{"line":5,"column":26},"end":{"line":5,"column":44}},"4":{"start":{"line":5,"column":57},"end":{"line":5,"column":68}},"5":{"start":{"line":5,"column":81},"end":{"line":5,"column":92}},"6":{"start":{"line":6,"column":4},"end":{"line":11,"column":5}},"7":{"start":{"line":7,"column":8},"end":{"line":10,"column":11}},"8":{"start":{"line":8,"column":35},"end":{"line":8,"column":53}},"9":{"start":{"line":12,"column":4},"end":{"line":12,"column":174}},"10":{"start":{"line":12,"column":149},"end":{"line":12,"column":167}},"11":{"start":{"line":14,"column":0},"end":{"line":14,"column":30}},"12":{"start":{"line":15,"column":17},"end":{"line":24,"column":1}},"13":{"start":{"line":16,"column":27},"end":{"line":16,"column":46}},"14":{"start":{"line":16,"column":55},"end":{"line":16,"column":62}},"15":{"start":{"line":16,"column":75},"end":{"line":16,"column":86}},"16":{"start":{"line":17,"column":4},"end":{"line":22,"column":5}},"17":{"start":{"line":18,"column":8},"end":{"line":21,"column":11}},"18":{"start":{"line":19,"column":35},"end":{"line":19,"column":49}},"19":{"start":{"line":23,"column":4},"end":{"line":23,"column":171}},"20":{"start":{"line":23,"column":150},"end":{"line":23,"column":164}},"21":{"start":{"line":25,"column":0},"end":{"line":25,"column":32}}},"fnMap":{"0":{"name":"(anonymous_0)","decl":{"start":{"line":4,"column":16},"end":{"line":4,"column":17}},"loc":{"start":{"line":4,"column":30},"end":{"line":13,"column":1}},"line":4},"1":{"name":"(anonymous_1)","decl":{"start":{"line":8,"column":21},"end":{"line":8,"column":22}},"loc":{"start":{"line":8,"column":33},"end":{"line":8,"column":55}},"line":8},"2":{"name":"(anonymous_2)","decl":{"start":{"line":12,"column":135},"end":{"line":12,"column":136}},"loc":{"start":{"line":12,"column":147},"end":{"line":12,"column":169}},"line":12},"3":{"name":"(anonymous_3)","decl":{"start":{"line":15,"column":17},"end":{"line":15,"column":18}},"loc":{"start":{"line":15,"column":31},"end":{"line":24,"column":1}},"line":15},"4":{"name":"(anonymous_4)","decl":{"start":{"line":19,"column":21},"end":{"line":19,"column":22}},"loc":{"start":{"line":19,"column":33},"end":{"line":19,"column":51}},"line":19},"5":{"name":"(anonymous_5)","decl":{"start":{"line":23,"column":136},"end":{"line":23,"column":137}},"loc":{"start":{"line":23,"column":148},"end":{"line":23,"column":166}},"line":23}},"branchMap":{"0":{"loc":{"start":{"line":6,"column":4},"end":{"line":11,"column":5}},"type":"if","locations":[{"start":{"line":6,"column":4},"end":{"line":11,"column":5}},{"start":{"line":6,"column":4},"end":{"line":11,"column":5}}],"line":6},"1":{"loc":{"start":{"line":17,"column":4},"end":{"line":22,"column":5}},"type":"if","locations":[{"start":{"line":17,"column":4},"end":{"line":22,"column":5}},{"start":{"line":17,"column":4},"end":{"line":22,"column":5}}],"line":17}},"s":{"0":6,"1":6,"2":6,"3":36,"4":36,"5":36,"6":36,"7":6,"8":0,"9":30,"10":0,"11":6,"12":6,"13":44,"14":44,"15":44,"16":44,"17":12,"18":0,"19":32,"20":0,"21":6},"f":{"0":36,"1":0,"2":0,"3":44,"4":0,"5":0},"b":{"0":[6,30],"1":[12,32]},"_coverageSchema":"43e27e138ebf9cfc5966b082cf9a028302ed4184","hash":"dd30721825c4bacb5ab0465fb66417e7cc3c659d"}
,"/Users/yi.a.zhuang/Desktop/backup/react-multi-carousel/lib/Carousel.js": {"path":"/Users/yi.a.zhuang/Desktop/backup/react-multi-carousel/lib/Carousel.js","statementMap":{"0":{"start":{"line":2,"column":16},"end":{"line":14,"column":4}},"1":{"start":{"line":3,"column":24},"end":{"line":8,"column":5}},"2":{"start":{"line":4,"column":8},"end":{"line":6,"column":87}},"3":{"start":{"line":5,"column":69},"end":{"line":5,"column":85}},"4":{"start":{"line":6,"column":30},"end":{"line":6,"column":84}},"5":{"start":{"line":6,"column":47},"end":{"line":6,"column":84}},"6":{"start":{"line":6,"column":72},"end":{"line":6,"column":84}},"7":{"start":{"line":7,"column":8},"end":{"line":7,"column":35}},"8":{"start":{"line":9,"column":4},"end":{"line":13,"column":6}},"9":{"start":{"line":10,"column":8},"end":{"line":10,"column":28}},"10":{"start":{"line":11,"column":24},"end":{"line":11,"column":45}},"11":{"start":{"line":12,"column":8},"end":{"line":12,"column":93}},"12":{"start":{"line":15,"column":15},"end":{"line":25,"column":1}},"13":{"start":{"line":16,"column":4},"end":{"line":23,"column":6}},"14":{"start":{"line":17,"column":8},"end":{"line":21,"column":9}},"15":{"start":{"line":17,"column":24},"end":{"line":17,"column":25}},"16":{"start":{"line":17,"column":31},"end":{"line":17,"column":47}},"17":{"start":{"line":18,"column":12},"end":{"line":18,"column":29}},"18":{"start":{"line":19,"column":12},"end":{"line":20,"column":28}},"19":{"start":{"line":19,"column":29},"end":{"line":20,"column":28}},"20":{"start":{"line":20,"column":16},"end":{"line":20,"column":28}},"21":{"start":{"line":22,"column":8},"end":{"line":22,"column":17}},"22":{"start":{"line":24,"column":4},"end":{"line":24,"column":43}},"23":{"start":{"line":26,"column":0},"end":{"line":26,"column":62}},"24":{"start":{"line":27,"column":12},"end":{"line":27,"column":28}},"25":{"start":{"line":28,"column":14},"end":{"line":28,"column":32}},"26":{"start":{"line":29,"column":13},"end":{"line":29,"column":30}},"27":{"start":{"line":30,"column":15},"end":{"line":30,"column":34}},"28":{"start":{"line":31,"column":22},"end":{"line":31,"column":48}},"29":{"start":{"line":32,"column":32},"end":{"line":32,"column":35}},"30":{"start":{"line":33,"column":24},"end":{"line":33,"column":53}},"31":{"start":{"line":34,"column":30},"end":{"line":493,"column":18}},"32":{"start":{"line":35,"column":4},"end":{"line":35,"column":32}},"33":{"start":{"line":37,"column":20},"end":{"line":37,"column":52}},"34":{"start":{"line":38,"column":8},"end":{"line":38,"column":47}},"35":{"start":{"line":39,"column":8},"end":{"line":50,"column":10}},"36":{"start":{"line":51,"column":8},"end":{"line":51,"column":52}},"37":{"start":{"line":52,"column":8},"end":{"line":52,"column":56}},"38":{"start":{"line":53,"column":8},"end":{"line":53,"column":56}},"39":{"start":{"line":54,"column":8},"end":{"line":54,"column":54}},"40":{"start":{"line":55,"column":8},"end":{"line":55,"column":50}},"41":{"start":{"line":56,"column":8},"end":{"line":56,"column":58}},"42":{"start":{"line":57,"column":8},"end":{"line":57,"column":66}},"43":{"start":{"line":58,"column":8},"end":{"line":58,"column":140}},"44":{"start":{"line":59,"column":8},"end":{"line":59,"column":148}},"45":{"start":{"line":60,"column":8},"end":{"line":60,"column":150}},"46":{"start":{"line":61,"column":8},"end":{"line":61,"column":29}},"47":{"start":{"line":62,"column":8},"end":{"line":62,"column":34}},"48":{"start":{"line":63,"column":8},"end":{"line":63,"column":31}},"49":{"start":{"line":64,"column":8},"end":{"line":64,"column":41}},"50":{"start":{"line":65,"column":8},"end":{"line":65,"column":29}},"51":{"start":{"line":66,"column":8},"end":{"line":66,"column":35}},"52":{"start":{"line":67,"column":8},"end":{"line":67,"column":21}},"53":{"start":{"line":69,"column":4},"end":{"line":72,"column":6}},"54":{"start":{"line":70,"column":8},"end":{"line":70,"column":62}},"55":{"start":{"line":70,"column":39},"end":{"line":70,"column":60}},"56":{"start":{"line":71,"column":8},"end":{"line":71,"column":41}},"57":{"start":{"line":73,"column":4},"end":{"line":84,"column":6}},"58":{"start":{"line":74,"column":8},"end":{"line":74,"column":43}},"59":{"start":{"line":75,"column":8},"end":{"line":75,"column":30}},"60":{"start":{"line":76,"column":8},"end":{"line":76,"column":57}},"61":{"start":{"line":77,"column":8},"end":{"line":77,"column":28}},"62":{"start":{"line":78,"column":8},"end":{"line":80,"column":9}},"63":{"start":{"line":79,"column":12},"end":{"line":79,"column":59}},"64":{"start":{"line":81,"column":8},"end":{"line":83,"column":9}},"65":{"start":{"line":82,"column":12},"end":{"line":82,"column":77}},"66":{"start":{"line":88,"column":4},"end":{"line":104,"column":6}},"67":{"start":{"line":89,"column":20},"end":{"line":89,"column":24}},"68":{"start":{"line":94,"column":8},"end":{"line":94,"column":40}},"69":{"start":{"line":95,"column":26},"end":{"line":95,"column":69}},"70":{"start":{"line":96,"column":17},"end":{"line":96,"column":72}},"71":{"start":{"line":96,"column":83},"end":{"line":96,"column":92}},"72":{"start":{"line":96,"column":109},"end":{"line":96,"column":124}},"73":{"start":{"line":97,"column":8},"end":{"line":103,"column":11}},"74":{"start":{"line":102,"column":12},"end":{"line":102,"column":75}},"75":{"start":{"line":105,"column":4},"end":{"line":116,"column":6}},"76":{"start":{"line":106,"column":20},"end":{"line":106,"column":24}},"77":{"start":{"line":107,"column":17},"end":{"line":107,"column":27}},"78":{"start":{"line":107,"column":42},"end":{"line":107,"column":55}},"79":{"start":{"line":107,"column":68},"end":{"line":107,"column":79}},"80":{"start":{"line":108,"column":8},"end":{"line":115,"column":11}},"81":{"start":{"line":109,"column":21},"end":{"line":109,"column":37}},"82":{"start":{"line":109,"column":52},"end":{"line":109,"column":65}},"83":{"start":{"line":109,"column":75},"end":{"line":109,"column":83}},"84":{"start":{"line":110,"column":22},"end":{"line":110,"column":36}},"85":{"start":{"line":110,"column":44},"end":{"line":110,"column":58}},"86":{"start":{"line":111,"column":12},"end":{"line":114,"column":13}},"87":{"start":{"line":112,"column":16},"end":{"line":112,"column":74}},"88":{"start":{"line":113,"column":16},"end":{"line":113,"column":81}},"89":{"start":{"line":118,"column":4},"end":{"line":135,"column":6}},"90":{"start":{"line":119,"column":20},"end":{"line":119,"column":24}},"91":{"start":{"line":120,"column":8},"end":{"line":134,"column":9}},"92":{"start":{"line":121,"column":33},"end":{"line":121,"column":70}},"93":{"start":{"line":122,"column":30},"end":{"line":122,"column":102}},"94":{"start":{"line":123,"column":12},"end":{"line":130,"column":15}},"95":{"start":{"line":127,"column":16},"end":{"line":129,"column":17}},"96":{"start":{"line":128,"column":20},"end":{"line":128,"column":90}},"97":{"start":{"line":131,"column":12},"end":{"line":133,"column":13}},"98":{"start":{"line":132,"column":16},"end":{"line":132,"column":55}},"99":{"start":{"line":136,"column":4},"end":{"line":150,"column":6}},"100":{"start":{"line":141,"column":8},"end":{"line":143,"column":9}},"101":{"start":{"line":142,"column":12},"end":{"line":142,"column":43}},"102":{"start":{"line":144,"column":8},"end":{"line":146,"column":9}},"103":{"start":{"line":145,"column":12},"end":{"line":145,"column":44}},"104":{"start":{"line":147,"column":8},"end":{"line":149,"column":11}},"105":{"start":{"line":151,"column":4},"end":{"line":169,"column":6}},"106":{"start":{"line":155,"column":23},"end":{"line":155,"column":42}},"107":{"start":{"line":157,"column":8},"end":{"line":167,"column":9}},"108":{"start":{"line":158,"column":12},"end":{"line":158,"column":46}},"109":{"start":{"line":161,"column":12},"end":{"line":166,"column":13}},"110":{"start":{"line":162,"column":16},"end":{"line":162,"column":50}},"111":{"start":{"line":165,"column":16},"end":{"line":165,"column":49}},"112":{"start":{"line":168,"column":8},"end":{"line":168,"column":55}},"113":{"start":{"line":170,"column":4},"end":{"line":196,"column":6}},"114":{"start":{"line":171,"column":20},"end":{"line":171,"column":24}},"115":{"start":{"line":172,"column":30},"end":{"line":172,"column":48}},"116":{"start":{"line":172,"column":61},"end":{"line":172,"column":72}},"117":{"start":{"line":173,"column":29},"end":{"line":173,"column":46}},"118":{"start":{"line":173,"column":60},"end":{"line":173,"column":72}},"119":{"start":{"line":173,"column":86},"end":{"line":173,"column":98}},"120":{"start":{"line":174,"column":8},"end":{"line":181,"column":9}},"121":{"start":{"line":178,"column":12},"end":{"line":180,"column":75}},"122":{"start":{"line":179,"column":16},"end":{"line":179,"column":43}},"123":{"start":{"line":182,"column":8},"end":{"line":184,"column":9}},"124":{"start":{"line":183,"column":12},"end":{"line":183,"column":62}},"125":{"start":{"line":185,"column":8},"end":{"line":188,"column":9}},"126":{"start":{"line":186,"column":12},"end":{"line":186,"column":41}},"127":{"start":{"line":187,"column":12},"end":{"line":187,"column":38}},"128":{"start":{"line":189,"column":8},"end":{"line":191,"column":9}},"129":{"start":{"line":190,"column":12},"end":{"line":190,"column":77}},"130":{"start":{"line":192,"column":8},"end":{"line":195,"column":9}},"131":{"start":{"line":194,"column":12},"end":{"line":194,"column":87}},"132":{"start":{"line":197,"column":4},"end":{"line":219,"column":6}},"133":{"start":{"line":198,"column":20},"end":{"line":198,"column":24}},"134":{"start":{"line":199,"column":24},"end":{"line":199,"column":36}},"135":{"start":{"line":200,"column":20},"end":{"line":200,"column":32}},"136":{"start":{"line":201,"column":26},"end":{"line":201,"column":69}},"137":{"start":{"line":202,"column":17},"end":{"line":202,"column":81}},"138":{"start":{"line":202,"column":102},"end":{"line":202,"column":121}},"139":{"start":{"line":202,"column":144},"end":{"line":202,"column":165}},"140":{"start":{"line":202,"column":179},"end":{"line":202,"column":191}},"141":{"start":{"line":202,"column":208},"end":{"line":202,"column":223}},"142":{"start":{"line":203,"column":8},"end":{"line":218,"column":9}},"143":{"start":{"line":209,"column":12},"end":{"line":217,"column":13}},"144":{"start":{"line":210,"column":16},"end":{"line":210,"column":48}},"145":{"start":{"line":211,"column":16},"end":{"line":216,"column":79}},"146":{"start":{"line":212,"column":20},"end":{"line":215,"column":23}},"147":{"start":{"line":220,"column":4},"end":{"line":251,"column":6}},"148":{"start":{"line":221,"column":20},"end":{"line":221,"column":24}},"149":{"start":{"line":222,"column":8},"end":{"line":222,"column":66}},"150":{"start":{"line":222,"column":43},"end":{"line":222,"column":64}},"151":{"start":{"line":223,"column":17},"end":{"line":223,"column":27}},"152":{"start":{"line":223,"column":43},"end":{"line":223,"column":57}},"153":{"start":{"line":223,"column":74},"end":{"line":223,"column":89}},"154":{"start":{"line":229,"column":17},"end":{"line":229,"column":85}},"155":{"start":{"line":229,"column":100},"end":{"line":229,"column":113}},"156":{"start":{"line":229,"column":130},"end":{"line":229,"column":145}},"157":{"start":{"line":230,"column":28},"end":{"line":230,"column":51}},"158":{"start":{"line":231,"column":8},"end":{"line":234,"column":9}},"159":{"start":{"line":233,"column":12},"end":{"line":233,"column":19}},"160":{"start":{"line":235,"column":8},"end":{"line":237,"column":9}},"161":{"start":{"line":236,"column":12},"end":{"line":236,"column":54}},"162":{"start":{"line":238,"column":8},"end":{"line":238,"column":39}},"163":{"start":{"line":239,"column":8},"end":{"line":250,"column":11}},"164":{"start":{"line":244,"column":12},"end":{"line":244,"column":49}},"165":{"start":{"line":245,"column":12},"end":{"line":249,"column":13}},"166":{"start":{"line":246,"column":16},"end":{"line":248,"column":80}},"167":{"start":{"line":247,"column":20},"end":{"line":247,"column":65}},"168":{"start":{"line":252,"column":4},"end":{"line":278,"column":6}},"169":{"start":{"line":253,"column":20},"end":{"line":253,"column":24}},"170":{"start":{"line":254,"column":8},"end":{"line":254,"column":66}},"171":{"start":{"line":254,"column":43},"end":{"line":254,"column":64}},"172":{"start":{"line":255,"column":17},"end":{"line":255,"column":27}},"173":{"start":{"line":255,"column":43},"end":{"line":255,"column":57}},"174":{"start":{"line":255,"column":74},"end":{"line":255,"column":89}},"175":{"start":{"line":256,"column":17},"end":{"line":256,"column":89}},"176":{"start":{"line":256,"column":104},"end":{"line":256,"column":117}},"177":{"start":{"line":256,"column":134},"end":{"line":256,"column":149}},"178":{"start":{"line":257,"column":8},"end":{"line":260,"column":9}},"179":{"start":{"line":259,"column":12},"end":{"line":259,"column":19}},"180":{"start":{"line":261,"column":28},"end":{"line":261,"column":51}},"181":{"start":{"line":262,"column":8},"end":{"line":264,"column":9}},"182":{"start":{"line":263,"column":12},"end":{"line":263,"column":54}},"183":{"start":{"line":265,"column":8},"end":{"line":265,"column":39}},"184":{"start":{"line":266,"column":8},"end":{"line":277,"column":11}},"185":{"start":{"line":271,"column":12},"end":{"line":271,"column":49}},"186":{"start":{"line":272,"column":12},"end":{"line":276,"column":13}},"187":{"start":{"line":273,"column":16},"end":{"line":275,"column":80}},"188":{"start":{"line":274,"column":20},"end":{"line":274,"column":65}},"189":{"start":{"line":279,"column":4},"end":{"line":288,"column":6}},"190":{"start":{"line":280,"column":8},"end":{"line":280,"column":60}},"191":{"start":{"line":281,"column":8},"end":{"line":283,"column":9}},"192":{"start":{"line":282,"column":12},"end":{"line":282,"column":62}},"193":{"start":{"line":284,"column":8},"end":{"line":287,"column":9}},"194":{"start":{"line":285,"column":12},"end":{"line":285,"column":41}},"195":{"start":{"line":286,"column":12},"end":{"line":286,"column":38}},"196":{"start":{"line":289,"column":4},"end":{"line":294,"column":6}},"197":{"start":{"line":290,"column":8},"end":{"line":290,"column":28}},"198":{"start":{"line":291,"column":8},"end":{"line":291,"column":33}},"199":{"start":{"line":292,"column":8},"end":{"line":292,"column":30}},"200":{"start":{"line":293,"column":8},"end":{"line":293,"column":28}},"201":{"start":{"line":295,"column":4},"end":{"line":306,"column":6}},"202":{"start":{"line":296,"column":8},"end":{"line":300,"column":9}},"203":{"start":{"line":299,"column":12},"end":{"line":299,"column":19}},"204":{"start":{"line":301,"column":22},"end":{"line":301,"column":60}},"205":{"start":{"line":302,"column":8},"end":{"line":302,"column":27}},"206":{"start":{"line":303,"column":8},"end":{"line":303,"column":39}},"207":{"start":{"line":304,"column":8},"end":{"line":304,"column":36}},"208":{"start":{"line":305,"column":8},"end":{"line":305,"column":40}},"209":{"start":{"line":307,"column":4},"end":{"line":328,"column":6}},"210":{"start":{"line":308,"column":8},"end":{"line":311,"column":9}},"211":{"start":{"line":310,"column":12},"end":{"line":310,"column":19}},"212":{"start":{"line":312,"column":22},"end":{"line":312,"column":60}},"213":{"start":{"line":313,"column":8},"end":{"line":316,"column":9}},"214":{"start":{"line":314,"column":12},"end":{"line":314,"column":41}},"215":{"start":{"line":315,"column":12},"end":{"line":315,"column":38}},"216":{"start":{"line":317,"column":8},"end":{"line":327,"column":9}},"217":{"start":{"line":318,"column":21},"end":{"line":318,"column":133}},"218":{"start":{"line":318,"column":147},"end":{"line":318,"column":159}},"219":{"start":{"line":318,"column":176},"end":{"line":318,"column":191}},"220":{"start":{"line":318,"column":207},"end":{"line":318,"column":221}},"221":{"start":{"line":319,"column":12},"end":{"line":325,"column":13}},"222":{"start":{"line":320,"column":16},"end":{"line":320,"column":43}},"223":{"start":{"line":321,"column":16},"end":{"line":324,"column":17}},"224":{"start":{"line":323,"column":20},"end":{"line":323,"column":63}},"225":{"start":{"line":326,"column":12},"end":{"line":326,"column":40}},"226":{"start":{"line":329,"column":4},"end":{"line":364,"column":6}},"227":{"start":{"line":330,"column":8},"end":{"line":332,"column":9}},"228":{"start":{"line":331,"column":12},"end":{"line":331,"column":77}},"229":{"start":{"line":333,"column":36},"end":{"line":333,"column":82}},"230":{"start":{"line":334,"column":37},"end":{"line":335,"column":33}},"231":{"start":{"line":336,"column":8},"end":{"line":338,"column":9}},"232":{"start":{"line":337,"column":12},"end":{"line":337,"column":19}},"233":{"start":{"line":339,"column":8},"end":{"line":363,"column":9}},"234":{"start":{"line":340,"column":12},"end":{"line":350,"column":13}},"235":{"start":{"line":341,"column":32},"end":{"line":342,"column":47}},"236":{"start":{"line":343,"column":16},"end":{"line":349,"column":17}},"237":{"start":{"line":344,"column":43},"end":{"line":344,"column":120}},"238":{"start":{"line":345,"column":20},"end":{"line":345,"column":48}},"239":{"start":{"line":348,"column":20},"end":{"line":348,"column":74}},"240":{"start":{"line":351,"column":12},"end":{"line":361,"column":13}},"241":{"start":{"line":352,"column":32},"end":{"line":353,"column":47}},"242":{"start":{"line":354,"column":16},"end":{"line":360,"column":17}},"243":{"start":{"line":355,"column":43},"end":{"line":355,"column":120}},"244":{"start":{"line":356,"column":20},"end":{"line":356,"column":52}},"245":{"start":{"line":359,"column":20},"end":{"line":359,"column":74}},"246":{"start":{"line":362,"column":12},"end":{"line":362,"column":35}},"247":{"start":{"line":365,"column":4},"end":{"line":372,"column":6}},"248":{"start":{"line":366,"column":8},"end":{"line":371,"column":9}},"249":{"start":{"line":368,"column":16},"end":{"line":368,"column":39}},"250":{"start":{"line":370,"column":16},"end":{"line":370,"column":35}},"251":{"start":{"line":373,"column":4},"end":{"line":378,"column":6}},"252":{"start":{"line":374,"column":8},"end":{"line":377,"column":9}},"253":{"start":{"line":375,"column":12},"end":{"line":375,"column":41}},"254":{"start":{"line":376,"column":12},"end":{"line":376,"column":38}},"255":{"start":{"line":379,"column":4},"end":{"line":404,"column":6}},"256":{"start":{"line":380,"column":20},"end":{"line":380,"column":24}},"257":{"start":{"line":381,"column":8},"end":{"line":383,"column":9}},"258":{"start":{"line":382,"column":12},"end":{"line":382,"column":19}},"259":{"start":{"line":384,"column":24},"end":{"line":384,"column":44}},"260":{"start":{"line":385,"column":17},"end":{"line":385,"column":27}},"261":{"start":{"line":385,"column":43},"end":{"line":385,"column":57}},"262":{"start":{"line":385,"column":74},"end":{"line":385,"column":89}},"263":{"start":{"line":386,"column":28},"end":{"line":386,"column":51}},"264":{"start":{"line":387,"column":8},"end":{"line":389,"column":9}},"265":{"start":{"line":388,"column":12},"end":{"line":388,"column":49}},"266":{"start":{"line":390,"column":8},"end":{"line":390,"column":39}},"267":{"start":{"line":391,"column":8},"end":{"line":403,"column":11}},"268":{"start":{"line":395,"column":12},"end":{"line":397,"column":13}},"269":{"start":{"line":396,"column":16},"end":{"line":396,"column":82}},"270":{"start":{"line":398,"column":12},"end":{"line":402,"column":13}},"271":{"start":{"line":399,"column":16},"end":{"line":401,"column":80}},"272":{"start":{"line":400,"column":20},"end":{"line":400,"column":65}},"273":{"start":{"line":405,"column":4},"end":{"line":407,"column":6}},"274":{"start":{"line":406,"column":8},"end":{"line":406,"column":92}},"275":{"start":{"line":408,"column":4},"end":{"line":412,"column":6}},"276":{"start":{"line":409,"column":20},"end":{"line":409,"column":24}},"277":{"start":{"line":410,"column":30},"end":{"line":410,"column":56}},"278":{"start":{"line":411,"column":8},"end":{"line":411,"column":172}},"279":{"start":{"line":411,"column":116},"end":{"line":411,"column":140}},"280":{"start":{"line":413,"column":4},"end":{"line":417,"column":6}},"281":{"start":{"line":414,"column":20},"end":{"line":414,"column":24}},"282":{"start":{"line":415,"column":31},"end":{"line":415,"column":58}},"283":{"start":{"line":416,"column":8},"end":{"line":416,"column":167}},"284":{"start":{"line":416,"column":119},"end":{"line":416,"column":143}},"285":{"start":{"line":418,"column":4},"end":{"line":430,"column":6}},"286":{"start":{"line":419,"column":20},"end":{"line":419,"column":24}},"287":{"start":{"line":420,"column":32},"end":{"line":420,"column":60}},"288":{"start":{"line":421,"column":8},"end":{"line":428,"column":9}},"289":{"start":{"line":422,"column":12},"end":{"line":427,"column":15}},"290":{"start":{"line":423,"column":40},"end":{"line":423,"column":64}},"291":{"start":{"line":424,"column":36},"end":{"line":424,"column":56}},"292":{"start":{"line":425,"column":51},"end":{"line":425,"column":86}},"293":{"start":{"line":429,"column":8},"end":{"line":429,"column":20}},"294":{"start":{"line":431,"column":4},"end":{"line":434,"column":6}},"295":{"start":{"line":432,"column":20},"end":{"line":432,"column":24}},"296":{"start":{"line":433,"column":8},"end":{"line":433,"column":174}},"297":{"start":{"line":433,"column":143},"end":{"line":433,"column":167}},"298":{"start":{"line":435,"column":4},"end":{"line":437,"column":6}},"299":{"start":{"line":436,"column":8},"end":{"line":436,"column":131}},"300":{"start":{"line":438,"column":4},"end":{"line":473,"column":6}},"301":{"start":{"line":439,"column":27},"end":{"line":439,"column":50}},"302":{"start":{"line":440,"column":17},"end":{"line":440,"column":27}},"303":{"start":{"line":440,"column":42},"end":{"line":440,"column":55}},"304":{"start":{"line":440,"column":73},"end":{"line":440,"column":89}},"305":{"start":{"line":440,"column":100},"end":{"line":440,"column":109}},"306":{"start":{"line":440,"column":137},"end":{"line":440,"column":163}},"307":{"start":{"line":440,"column":176},"end":{"line":440,"column":187}},"308":{"start":{"line":440,"column":206},"end":{"line":440,"column":223}},"309":{"start":{"line":440,"column":239},"end":{"line":440,"column":253}},"310":{"start":{"line":440,"column":274},"end":{"line":440,"column":293}},"311":{"start":{"line":440,"column":312},"end":{"line":440,"column":329}},"312":{"start":{"line":440,"column":344},"end":{"line":440,"column":357}},"313":{"start":{"line":440,"column":381},"end":{"line":440,"column":403}},"314":{"start":{"line":441,"column":8},"end":{"line":441,"column":51}},"315":{"start":{"line":442,"column":17},"end":{"line":442,"column":64}},"316":{"start":{"line":442,"column":86},"end":{"line":442,"column":106}},"317":{"start":{"line":442,"column":135},"end":{"line":442,"column":162}},"318":{"start":{"line":443,"column":29},"end":{"line":443,"column":76}},"319":{"start":{"line":444,"column":30},"end":{"line":445,"column":34}},"320":{"start":{"line":446,"column":31},"end":{"line":450,"column":86}},"321":{"start":{"line":451,"column":31},"end":{"line":451,"column":58}},"322":{"start":{"line":452,"column":32},"end":{"line":452,"column":60}},"323":{"start":{"line":454,"column":31},"end":{"line":458,"column":38}},"324":{"start":{"line":459,"column":8},"end":{"line":472,"column":36}},"325":{"start":{"line":474,"column":4},"end":{"line":491,"column":6}},"326":{"start":{"line":492,"column":4},"end":{"line":492,"column":20}},"327":{"start":{"line":494,"column":0},"end":{"line":494,"column":27}}},"fnMap":{"0":{"name":"(anonymous_0)","decl":{"start":{"line":2,"column":45},"end":{"line":2,"column":46}},"loc":{"start":{"line":2,"column":57},"end":{"line":14,"column":1}},"line":2},"1":{"name":"(anonymous_1)","decl":{"start":{"line":3,"column":24},"end":{"line":3,"column":25}},"loc":{"start":{"line":3,"column":40},"end":{"line":8,"column":5}},"line":3},"2":{"name":"(anonymous_2)","decl":{"start":{"line":5,"column":51},"end":{"line":5,"column":52}},"loc":{"start":{"line":5,"column":67},"end":{"line":5,"column":87}},"line":5},"3":{"name":"(anonymous_3)","decl":{"start":{"line":6,"column":12},"end":{"line":6,"column":13}},"loc":{"start":{"line":6,"column":28},"end":{"line":6,"column":86}},"line":6},"4":{"name":"(anonymous_4)","decl":{"start":{"line":9,"column":11},"end":{"line":9,"column":12}},"loc":{"start":{"line":9,"column":27},"end":{"line":13,"column":5}},"line":9},"5":{"name":"__","decl":{"start":{"line":11,"column":17},"end":{"line":11,"column":19}},"loc":{"start":{"line":11,"column":22},"end":{"line":11,"column":47}},"line":11},"6":{"name":"(anonymous_6)","decl":{"start":{"line":15,"column":42},"end":{"line":15,"column":43}},"loc":{"start":{"line":15,"column":54},"end":{"line":25,"column":1}},"line":15},"7":{"name":"(anonymous_7)","decl":{"start":{"line":16,"column":32},"end":{"line":16,"column":33}},"loc":{"start":{"line":16,"column":44},"end":{"line":23,"column":5}},"line":16},"8":{"name":"(anonymous_8)","decl":{"start":{"line":34,"column":30},"end":{"line":34,"column":31}},"loc":{"start":{"line":34,"column":48},"end":{"line":493,"column":1}},"line":34},"9":{"name":"Carousel","decl":{"start":{"line":36,"column":13},"end":{"line":36,"column":21}},"loc":{"start":{"line":36,"column":29},"end":{"line":68,"column":5}},"line":36},"10":{"name":"(anonymous_10)","decl":{"start":{"line":69,"column":41},"end":{"line":69,"column":42}},"loc":{"start":{"line":69,"column":65},"end":{"line":72,"column":5}},"line":69},"11":{"name":"(anonymous_11)","decl":{"start":{"line":73,"column":43},"end":{"line":73,"column":44}},"loc":{"start":{"line":73,"column":55},"end":{"line":84,"column":5}},"line":73},"12":{"name":"(anonymous_12)","decl":{"start":{"line":88,"column":35},"end":{"line":88,"column":36}},"loc":{"start":{"line":88,"column":83},"end":{"line":104,"column":5}},"line":88},"13":{"name":"(anonymous_13)","decl":{"start":{"line":101,"column":11},"end":{"line":101,"column":12}},"loc":{"start":{"line":101,"column":23},"end":{"line":103,"column":9}},"line":101},"14":{"name":"(anonymous_14)","decl":{"start":{"line":105,"column":40},"end":{"line":105,"column":41}},"loc":{"start":{"line":105,"column":77},"end":{"line":116,"column":5}},"line":105},"15":{"name":"(anonymous_15)","decl":{"start":{"line":108,"column":40},"end":{"line":108,"column":41}},"loc":{"start":{"line":108,"column":56},"end":{"line":115,"column":9}},"line":108},"16":{"name":"(anonymous_16)","decl":{"start":{"line":118,"column":50},"end":{"line":118,"column":51}},"loc":{"start":{"line":118,"column":101},"end":{"line":135,"column":5}},"line":118},"17":{"name":"(anonymous_17)","decl":{"start":{"line":126,"column":15},"end":{"line":126,"column":16}},"loc":{"start":{"line":126,"column":27},"end":{"line":130,"column":13}},"line":126},"18":{"name":"(anonymous_18)","decl":{"start":{"line":136,"column":46},"end":{"line":136,"column":47}},"loc":{"start":{"line":136,"column":87},"end":{"line":150,"column":5}},"line":136},"19":{"name":"(anonymous_19)","decl":{"start":{"line":151,"column":34},"end":{"line":151,"column":35}},"loc":{"start":{"line":151,"column":51},"end":{"line":169,"column":5}},"line":151},"20":{"name":"(anonymous_20)","decl":{"start":{"line":170,"column":44},"end":{"line":170,"column":45}},"loc":{"start":{"line":170,"column":62},"end":{"line":196,"column":5}},"line":170},"21":{"name":"(anonymous_21)","decl":{"start":{"line":178,"column":23},"end":{"line":178,"column":24}},"loc":{"start":{"line":178,"column":35},"end":{"line":180,"column":13}},"line":178},"22":{"name":"(anonymous_22)","decl":{"start":{"line":197,"column":47},"end":{"line":197,"column":48}},"loc":{"start":{"line":197,"column":61},"end":{"line":219,"column":5}},"line":197},"23":{"name":"(anonymous_23)","decl":{"start":{"line":211,"column":27},"end":{"line":211,"column":28}},"loc":{"start":{"line":211,"column":39},"end":{"line":216,"column":17}},"line":211},"24":{"name":"(anonymous_24)","decl":{"start":{"line":220,"column":30},"end":{"line":220,"column":31}},"loc":{"start":{"line":220,"column":58},"end":{"line":251,"column":5}},"line":220},"25":{"name":"(anonymous_25)","decl":{"start":{"line":243,"column":11},"end":{"line":243,"column":12}},"loc":{"start":{"line":243,"column":23},"end":{"line":250,"column":9}},"line":243},"26":{"name":"(anonymous_26)","decl":{"start":{"line":246,"column":27},"end":{"line":246,"column":28}},"loc":{"start":{"line":246,"column":39},"end":{"line":248,"column":17}},"line":246},"27":{"name":"(anonymous_27)","decl":{"start":{"line":252,"column":34},"end":{"line":252,"column":35}},"loc":{"start":{"line":252,"column":62},"end":{"line":278,"column":5}},"line":252},"28":{"name":"(anonymous_28)","decl":{"start":{"line":270,"column":11},"end":{"line":270,"column":12}},"loc":{"start":{"line":270,"column":23},"end":{"line":277,"column":9}},"line":270},"29":{"name":"(anonymous_29)","decl":{"start":{"line":273,"column":27},"end":{"line":273,"column":28}},"loc":{"start":{"line":273,"column":39},"end":{"line":275,"column":17}},"line":273},"30":{"name":"(anonymous_30)","decl":{"start":{"line":279,"column":46},"end":{"line":279,"column":47}},"loc":{"start":{"line":279,"column":58},"end":{"line":288,"column":5}},"line":279},"31":{"name":"(anonymous_31)","decl":{"start":{"line":289,"column":41},"end":{"line":289,"column":42}},"loc":{"start":{"line":289,"column":53},"end":{"line":294,"column":5}},"line":289},"32":{"name":"(anonymous_32)","decl":{"start":{"line":295,"column":36},"end":{"line":295,"column":37}},"loc":{"start":{"line":295,"column":49},"end":{"line":306,"column":5}},"line":295},"33":{"name":"(anonymous_33)","decl":{"start":{"line":307,"column":36},"end":{"line":307,"column":37}},"loc":{"start":{"line":307,"column":49},"end":{"line":328,"column":5}},"line":307},"34":{"name":"(anonymous_34)","decl":{"start":{"line":329,"column":35},"end":{"line":329,"column":36}},"loc":{"start":{"line":329,"column":48},"end":{"line":364,"column":5}},"line":329},"35":{"name":"(anonymous_35)","decl":{"start":{"line":365,"column":33},"end":{"line":365,"column":34}},"loc":{"start":{"line":365,"column":46},"end":{"line":372,"column":5}},"line":365},"36":{"name":"(anonymous_36)","decl":{"start":{"line":373,"column":37},"end":{"line":373,"column":38}},"loc":{"start":{"line":373,"column":49},"end":{"line":378,"column":5}},"line":373},"37":{"name":"(anonymous_37)","decl":{"start":{"line":379,"column":35},"end":{"line":379,"column":36}},"loc":{"start":{"line":379,"column":52},"end":{"line":404,"column":5}},"line":379},"38":{"name":"(anonymous_38)","decl":{"start":{"line":394,"column":11},"end":{"line":394,"column":12}},"loc":{"start":{"line":394,"column":23},"end":{"line":403,"column":9}},"line":394},"39":{"name":"(anonymous_39)","decl":{"start":{"line":399,"column":27},"end":{"line":399,"column":28}},"loc":{"start":{"line":399,"column":39},"end":{"line":401,"column":17}},"line":399},"40":{"name":"(anonymous_40)","decl":{"start":{"line":405,"column":34},"end":{"line":405,"column":35}},"loc":{"start":{"line":405,"column":46},"end":{"line":407,"column":5}},"line":405},"41":{"name":"(anonymous_41)","decl":{"start":{"line":408,"column":41},"end":{"line":408,"column":42}},"loc":{"start":{"line":408,"column":53},"end":{"line":412,"column":5}},"line":408},"42":{"name":"(anonymous_42)","decl":{"start":{"line":411,"column":102},"end":{"line":411,"column":103}},"loc":{"start":{"line":411,"column":114},"end":{"line":411,"column":142}},"line":411},"43":{"name":"(anonymous_43)","decl":{"start":{"line":413,"column":42},"end":{"line":413,"column":43}},"loc":{"start":{"line":413,"column":54},"end":{"line":417,"column":5}},"line":413},"44":{"name":"(anonymous_44)","decl":{"start":{"line":416,"column":105},"end":{"line":416,"column":106}},"loc":{"start":{"line":416,"column":117},"end":{"line":416,"column":145}},"line":416},"45":{"name":"(anonymous_45)","decl":{"start":{"line":418,"column":44},"end":{"line":418,"column":45}},"loc":{"start":{"line":418,"column":56},"end":{"line":430,"column":5}},"line":418},"46":{"name":"(anonymous_46)","decl":{"start":{"line":423,"column":26},"end":{"line":423,"column":27}},"loc":{"start":{"line":423,"column":38},"end":{"line":423,"column":66}},"line":423},"47":{"name":"(anonymous_47)","decl":{"start":{"line":424,"column":22},"end":{"line":424,"column":23}},"loc":{"start":{"line":424,"column":34},"end":{"line":424,"column":58}},"line":424},"48":{"name":"(anonymous_48)","decl":{"start":{"line":425,"column":27},"end":{"line":425,"column":28}},"loc":{"start":{"line":425,"column":49},"end":{"line":425,"column":88}},"line":425},"49":{"name":"(anonymous_49)","decl":{"start":{"line":431,"column":40},"end":{"line":431,"column":41}},"loc":{"start":{"line":431,"column":52},"end":{"line":434,"column":5}},"line":431},"50":{"name":"(anonymous_50)","decl":{"start":{"line":433,"column":129},"end":{"line":433,"column":130}},"loc":{"start":{"line":433,"column":141},"end":{"line":433,"column":169}},"line":433},"51":{"name":"(anonymous_51)","decl":{"start":{"line":435,"column":45},"end":{"line":435,"column":46}},"loc":{"start":{"line":435,"column":57},"end":{"line":437,"column":5}},"line":435},"52":{"name":"(anonymous_52)","decl":{"start":{"line":438,"column":32},"end":{"line":438,"column":33}},"loc":{"start":{"line":438,"column":44},"end":{"line":473,"column":5}},"line":438}},"branchMap":{"0":{"loc":{"start":{"line":2,"column":16},"end":{"line":14,"column":4}},"type":"binary-expr","locations":[{"start":{"line":2,"column":17},"end":{"line":2,"column":21}},{"start":{"line":2,"column":25},"end":{"line":2,"column":39}},{"start":{"line":2,"column":44},"end":{"line":14,"column":4}}],"line":2},"1":{"loc":{"start":{"line":4,"column":24},"end":{"line":6,"column":86}},"type":"binary-expr","locations":[{"start":{"line":4,"column":24},"end":{"line":4,"column":45}},{"start":{"line":5,"column":13},"end":{"line":5,"column":47}},{"start":{"line":5,"column":51},"end":{"line":5,"column":87}},{"start":{"line":6,"column":12},"end":{"line":6,"column":86}}],"line":4},"2":{"loc":{"start":{"line":6,"column":47},"end":{"line":6,"column":84}},"type":"if","locations":[{"start":{"line":6,"column":47},"end":{"line":6,"column":84}},{"start":{"line":6,"column":47},"end":{"line":6,"column":84}}],"line":6},"3":{"loc":{"start":{"line":12,"column":22},"end":{"line":12,"column":92}},"type":"cond-expr","locations":[{"start":{"line":12,"column":35},"end":{"line":12,"column":51}},{"start":{"line":12,"column":55},"end":{"line":12,"column":91}}],"line":12},"4":{"loc":{"start":{"line":15,"column":15},"end":{"line":25,"column":1}},"type":"binary-expr","locations":[{"start":{"line":15,"column":16},"end":{"line":15,"column":20}},{"start":{"line":15,"column":24},"end":{"line":15,"column":37}},{"start":{"line":15,"column":42},"end":{"line":25,"column":1}}],"line":15},"5":{"loc":{"start":{"line":16,"column":15},"end":{"line":23,"column":5}},"type":"binary-expr","locations":[{"start":{"line":16,"column":15},"end":{"line":16,"column":28}},{"start":{"line":16,"column":32},"end":{"line":23,"column":5}}],"line":16},"6":{"loc":{"start":{"line":19,"column":29},"end":{"line":20,"column":28}},"type":"if","locations":[{"start":{"line":19,"column":29},"end":{"line":20,"column":28}},{"start":{"line":19,"column":29},"end":{"line":20,"column":28}}],"line":19},"7":{"loc":{"start":{"line":37,"column":20},"end":{"line":37,"column":52}},"type":"binary-expr","locations":[{"start":{"line":37,"column":20},"end":{"line":37,"column":44}},{"start":{"line":37,"column":48},"end":{"line":37,"column":52}}],"line":37},"8":{"loc":{"start":{"line":58,"column":62},"end":{"line":58,"column":115}},"type":"binary-expr","locations":[{"start":{"line":58,"column":62},"end":{"line":58,"column":86}},{"start":{"line":58,"column":90},"end":{"line":58,"column":115}}],"line":58},"9":{"loc":{"start":{"line":59,"column":70},"end":{"line":59,"column":123}},"type":"binary-expr","locations":[{"start":{"line":59,"column":70},"end":{"line":59,"column":94}},{"start":{"line":59,"column":98},"end":{"line":59,"column":123}}],"line":59},"10":{"loc":{"start":{"line":60,"column":72},"end":{"line":60,"column":125}},"type":"binary-expr","locations":[{"start":{"line":60,"column":72},"end":{"line":60,"column":96}},{"start":{"line":60,"column":100},"end":{"line":60,"column":125}}],"line":60},"11":{"loc":{"start":{"line":70,"column":8},"end":{"line":70,"column":62}},"type":"if","locations":[{"start":{"line":70,"column":8},"end":{"line":70,"column":62}},{"start":{"line":70,"column":8},"end":{"line":70,"column":62}}],"line":70},"12":{"loc":{"start":{"line":78,"column":8},"end":{"line":80,"column":9}},"type":"if","locations":[{"start":{"line":78,"column":8},"end":{"line":80,"column":9}},{"start":{"line":78,"column":8},"end":{"line":80,"column":9}}],"line":78},"13":{"loc":{"start":{"line":81,"column":8},"end":{"line":83,"column":9}},"type":"if","locations":[{"start":{"line":81,"column":8},"end":{"line":83,"column":9}},{"start":{"line":81,"column":8},"end":{"line":83,"column":9}}],"line":81},"14":{"loc":{"start":{"line":81,"column":12},"end":{"line":81,"column":59}},"type":"binary-expr","locations":[{"start":{"line":81,"column":12},"end":{"line":81,"column":31}},{"start":{"line":81,"column":35},"end":{"line":81,"column":59}}],"line":81},"15":{"loc":{"start":{"line":100,"column":26},"end":{"line":100,"column":78}},"type":"cond-expr","locations":[{"start":{"line":100,"column":40},"end":{"line":100,"column":63}},{"start":{"line":100,"column":66},"end":{"line":100,"column":78}}],"line":100},"16":{"loc":{"start":{"line":102,"column":39},"end":{"line":102,"column":73}},"type":"binary-expr","locations":[{"start":{"line":102,"column":39},"end":{"line":102,"column":48}},{"start":{"line":102,"column":52},"end":{"line":102,"column":73}}],"line":102},"17":{"loc":{"start":{"line":111,"column":12},"end":{"line":114,"column":13}},"type":"if","locations":[{"start":{"line":111,"column":12},"end":{"line":114,"column":13}},{"start":{"line":111,"column":12},"end":{"line":114,"column":13}}],"line":111},"18":{"loc":{"start":{"line":111,"column":16},"end":{"line":111,"column":68}},"type":"binary-expr","locations":[{"start":{"line":111,"column":16},"end":{"line":111,"column":40}},{"start":{"line":111,"column":44},"end":{"line":111,"column":68}}],"line":111},"19":{"loc":{"start":{"line":120,"column":8},"end":{"line":134,"column":9}},"type":"if","locations":[{"start":{"line":120,"column":8},"end":{"line":134,"column":9}},{"start":{"line":120,"column":8},"end":{"line":134,"column":9}}],"line":120},"20":{"loc":{"start":{"line":120,"column":12},"end":{"line":120,"column":58}},"type":"binary-expr","locations":[{"start":{"line":120,"column":12},"end":{"line":120,"column":29}},{"start":{"line":120,"column":33},"end":{"line":120,"column":58}}],"line":120},"21":{"loc":{"start":{"line":127,"column":16},"end":{"line":129,"column":17}},"type":"if","locations":[{"start":{"line":127,"column":16},"end":{"line":129,"column":17}},{"start":{"line":127,"column":16},"end":{"line":129,"column":17}}],"line":127},"22":{"loc":{"start":{"line":131,"column":12},"end":{"line":133,"column":13}},"type":"if","locations":[{"start":{"line":131,"column":12},"end":{"line":133,"column":13}},{"start":{"line":131,"column":12},"end":{"line":133,"column":13}}],"line":131},"23":{"loc":{"start":{"line":141,"column":8},"end":{"line":143,"column":9}},"type":"if","locations":[{"start":{"line":141,"column":8},"end":{"line":143,"column":9}},{"start":{"line":141,"column":8},"end":{"line":143,"column":9}}],"line":141},"24":{"loc":{"start":{"line":144,"column":8},"end":{"line":146,"column":9}},"type":"if","locations":[{"start":{"line":144,"column":8},"end":{"line":146,"column":9}},{"start":{"line":144,"column":8},"end":{"line":146,"column":9}}],"line":144},"25":{"loc":{"start":{"line":144,"column":12},"end":{"line":144,"column":58}},"type":"binary-expr","locations":[{"start":{"line":144,"column":12},"end":{"line":144,"column":31}},{"start":{"line":144,"column":35},"end":{"line":144,"column":58}}],"line":144},"26":{"loc":{"start":{"line":157,"column":8},"end":{"line":167,"column":9}},"type":"if","locations":[{"start":{"line":157,"column":8},"end":{"line":167,"column":9}},{"start":{"line":157,"column":8},"end":{"line":167,"column":9}}],"line":157},"27":{"loc":{"start":{"line":161,"column":12},"end":{"line":166,"column":13}},"type":"if","locations":[{"start":{"line":161,"column":12},"end":{"line":166,"column":13}},{"start":{"line":161,"column":12},"end":{"line":166,"column":13}}],"line":161},"28":{"loc":{"start":{"line":161,"column":16},"end":{"line":161,"column":51}},"type":"binary-expr","locations":[{"start":{"line":161,"column":16},"end":{"line":161,"column":42}},{"start":{"line":161,"column":46},"end":{"line":161,"column":51}}],"line":161},"29":{"loc":{"start":{"line":174,"column":8},"end":{"line":181,"column":9}},"type":"if","locations":[{"start":{"line":174,"column":8},"end":{"line":181,"column":9}},{"start":{"line":174,"column":8},"end":{"line":181,"column":9}}],"line":174},"30":{"loc":{"start":{"line":174,"column":12},"end":{"line":176,"column":68}},"type":"binary-expr","locations":[{"start":{"line":174,"column":12},"end":{"line":174,"column":29}},{"start":{"line":175,"column":12},"end":{"line":175,"column":37}},{"start":{"line":176,"column":12},"end":{"line":176,"column":68}}],"line":174},"31":{"loc":{"start":{"line":180,"column":15},"end":{"line":180,"column":73}},"type":"binary-expr","locations":[{"start":{"line":180,"column":15},"end":{"line":180,"column":44}},{"start":{"line":180,"column":48},"end":{"line":180,"column":73}}],"line":180},"32":{"loc":{"start":{"line":182,"column":8},"end":{"line":184,"column":9}},"type":"if","locations":[{"start":{"line":182,"column":8},"end":{"line":184,"column":9}},{"start":{"line":182,"column":8},"end":{"line":184,"column":9}}],"line":182},"33":{"loc":{"start":{"line":182,"column":12},"end":{"line":182,"column":58}},"type":"binary-expr","locations":[{"start":{"line":182,"column":12},"end":{"line":182,"column":27}},{"start":{"line":182,"column":31},"end":{"line":182,"column":58}}],"line":182},"34":{"loc":{"start":{"line":185,"column":8},"end":{"line":188,"column":9}},"type":"if","locations":[{"start":{"line":185,"column":8},"end":{"line":188,"column":9}},{"start":{"line":185,"column":8},"end":{"line":188,"column":9}}],"line":185},"35":{"loc":{"start":{"line":185,"column":12},"end":{"line":185,"column":61}},"type":"binary-expr","locations":[{"start":{"line":185,"column":12},"end":{"line":185,"column":20}},{"start":{"line":185,"column":24},"end":{"line":185,"column":44}},{"start":{"line":185,"column":48},"end":{"line":185,"column":61}}],"line":185},"36":{"loc":{"start":{"line":189,"column":8},"end":{"line":191,"column":9}},"type":"if","locations":[{"start":{"line":189,"column":8},"end":{"line":191,"column":9}},{"start":{"line":189,"column":8},"end":{"line":191,"column":9}}],"line":189},"37":{"loc":{"start":{"line":189,"column":12},"end":{"line":189,"column":62}},"type":"binary-expr","locations":[{"start":{"line":189,"column":12},"end":{"line":189,"column":21}},{"start":{"line":189,"column":25},"end":{"line":189,"column":44}},{"start":{"line":189,"column":48},"end":{"line":189,"column":62}}],"line":189},"38":{"loc":{"start":{"line":192,"column":8},"end":{"line":195,"column":9}},"type":"if","locations":[{"start":{"line":192,"column":8},"end":{"line":195,"column":9}},{"start":{"line":192,"column":8},"end":{"line":195,"column":9}}],"line":192},"39":{"loc":{"start":{"line":203,"column":8},"end":{"line":218,"column":9}},"type":"if","locations":[{"start":{"line":203,"column":8},"end":{"line":218,"column":9}},{"start":{"line":203,"column":8},"end":{"line":218,"column":9}}],"line":203},"40":{"loc":{"start":{"line":205,"column":8},"end":{"line":208,"column":33}},"type":"binary-expr","locations":[{"start":{"line":205,"column":8},"end":{"line":205,"column":28}},{"start":{"line":206,"column":12},"end":{"line":206,"column":21}},{"start":{"line":207,"column":12},"end":{"line":207,"column":21}},{"start":{"line":208,"column":12},"end":{"line":208,"column":33}}],"line":205},"41":{"loc":{"start":{"line":209,"column":12},"end":{"line":217,"column":13}},"type":"if","locations":[{"start":{"line":209,"column":12},"end":{"line":217,"column":13}},{"start":{"line":209,"column":12},"end":{"line":217,"column":13}}],"line":209},"42":{"loc":{"start":{"line":209,"column":16},"end":{"line":209,"column":54}},"type":"binary-expr","locations":[{"start":{"line":209,"column":16},"end":{"line":209,"column":32}},{"start":{"line":209,"column":36},"end":{"line":209,"column":54}}],"line":209},"43":{"loc":{"start":{"line":216,"column":19},"end":{"line":216,"column":77}},"type":"binary-expr","locations":[{"start":{"line":216,"column":19},"end":{"line":216,"column":48}},{"start":{"line":216,"column":52},"end":{"line":216,"column":77}}],"line":216},"44":{"loc":{"start":{"line":222,"column":8},"end":{"line":222,"column":66}},"type":"if","locations":[{"start":{"line":222,"column":8},"end":{"line":222,"column":66}},{"start":{"line":222,"column":8},"end":{"line":222,"column":66}}],"line":222},"45":{"loc":{"start":{"line":231,"column":8},"end":{"line":234,"column":9}},"type":"if","locations":[{"start":{"line":231,"column":8},"end":{"line":234,"column":9}},{"start":{"line":231,"column":8},"end":{"line":234,"column":9}}],"line":231},"46":{"loc":{"start":{"line":231,"column":12},"end":{"line":231,"column":66}},"type":"binary-expr","locations":[{"start":{"line":231,"column":12},"end":{"line":231,"column":36}},{"start":{"line":231,"column":40},"end":{"line":231,"column":66}}],"line":231},"47":{"loc":{"start":{"line":235,"column":8},"end":{"line":237,"column":9}},"type":"if","locations":[{"start":{"line":235,"column":8},"end":{"line":237,"column":9}},{"start":{"line":235,"column":8},"end":{"line":237,"column":9}}],"line":235},"48":{"loc":{"start":{"line":245,"column":12},"end":{"line":249,"column":13}},"type":"if","locations":[{"start":{"line":245,"column":12},"end":{"line":249,"column":13}},{"start":{"line":245,"column":12},"end":{"line":249,"column":13}}],"line":245},"49":{"loc":{"start":{"line":248,"column":19},"end":{"line":248,"column":78}},"type":"binary-expr","locations":[{"start":{"line":248,"column":19},"end":{"line":248,"column":49}},{"start":{"line":248,"column":53},"end":{"line":248,"column":78}}],"line":248},"50":{"loc":{"start":{"line":254,"column":8},"end":{"line":254,"column":66}},"type":"if","locations":[{"start":{"line":254,"column":8},"end":{"line":254,"column":66}},{"start":{"line":254,"column":8},"end":{"line":254,"column":66}}],"line":254},"51":{"loc":{"start":{"line":257,"column":8},"end":{"line":260,"column":9}},"type":"if","locations":[{"start":{"line":257,"column":8},"end":{"line":260,"column":9}},{"start":{"line":257,"column":8},"end":{"line":260,"column":9}}],"line":257},"52":{"loc":{"start":{"line":257,"column":12},"end":{"line":257,"column":66}},"type":"binary-expr","locations":[{"start":{"line":257,"column":12},"end":{"line":257,"column":36}},{"start":{"line":257,"column":40},"end":{"line":257,"column":66}}],"line":257},"53":{"loc":{"start":{"line":262,"column":8},"end":{"line":264,"column":9}},"type":"if","locations":[{"start":{"line":262,"column":8},"end":{"line":264,"column":9}},{"start":{"line":262,"column":8},"end":{"line":264,"column":9}}],"line":262},"54":{"loc":{"start":{"line":272,"column":12},"end":{"line":276,"column":13}},"type":"if","locations":[{"start":{"line":272,"column":12},"end":{"line":276,"column":13}},{"start":{"line":272,"column":12},"end":{"line":276,"column":13}}],"line":272},"55":{"loc":{"start":{"line":275,"column":19},"end":{"line":275,"column":78}},"type":"binary-expr","locations":[{"start":{"line":275,"column":19},"end":{"line":275,"column":49}},{"start":{"line":275,"column":53},"end":{"line":275,"column":78}}],"line":275},"56":{"loc":{"start":{"line":281,"column":8},"end":{"line":283,"column":9}},"type":"if","locations":[{"start":{"line":281,"column":8},"end":{"line":283,"column":9}},{"start":{"line":281,"column":8},"end":{"line":283,"column":9}}],"line":281},"57":{"loc":{"start":{"line":284,"column":8},"end":{"line":287,"column":9}},"type":"if","locations":[{"start":{"line":284,"column":8},"end":{"line":287,"column":9}},{"start":{"line":284,"column":8},"end":{"line":287,"column":9}}],"line":284},"58":{"loc":{"start":{"line":284,"column":12},"end":{"line":284,"column":48}},"type":"binary-expr","locations":[{"start":{"line":284,"column":12},"end":{"line":284,"column":31}},{"start":{"line":284,"column":35},"end":{"line":284,"column":48}}],"line":284},"59":{"loc":{"start":{"line":296,"column":8},"end":{"line":300,"column":9}},"type":"if","locations":[{"start":{"line":296,"column":8},"end":{"line":300,"column":9}},{"start":{"line":296,"column":8},"end":{"line":300,"column":9}}],"line":296},"60":{"loc":{"start":{"line":296,"column":12},"end":{"line":298,"column":29}},"type":"binary-expr","locations":[{"start":{"line":296,"column":13},"end":{"line":296,"column":22}},{"start":{"line":296,"column":26},"end":{"line":296,"column":47}},{"start":{"line":297,"column":13},"end":{"line":297,"column":14}},{"start":{"line":297,"column":18},"end":{"line":297,"column":28}},{"start":{"line":297,"column":32},"end":{"line":297,"column":53}},{"start":{"line":298,"column":12},"end":{"line":298,"column":29}}],"line":296},"61":{"loc":{"start":{"line":301,"column":23},"end":{"line":301,"column":51}},"type":"cond-expr","locations":[{"start":{"line":301,"column":35},"end":{"line":301,"column":47}},{"start":{"line":301,"column":50},"end":{"line":301,"column":51}}],"line":301},"62":{"loc":{"start":{"line":308,"column":8},"end":{"line":311,"column":9}},"type":"if","locations":[{"start":{"line":308,"column":8},"end":{"line":311,"column":9}},{"start":{"line":308,"column":8},"end":{"line":311,"column":9}}],"line":308},"63":{"loc":{"start":{"line":308,"column":12},"end":{"line":309,"column":54}},"type":"binary-expr","locations":[{"start":{"line":308,"column":13},"end":{"line":308,"column":22}},{"start":{"line":308,"column":26},"end":{"line":308,"column":47}},{"start":{"line":309,"column":13},"end":{"line":309,"column":14}},{"start":{"line":309,"column":18},"end":{"line":309,"column":28}},{"start":{"line":309,"column":32},"end":{"line":309,"column":53}}],"line":308},"64":{"loc":{"start":{"line":312,"column":23},"end":{"line":312,"column":51}},"type":"cond-expr","locations":[{"start":{"line":312,"column":35},"end":{"line":312,"column":47}},{"start":{"line":312,"column":50},"end":{"line":312,"column":51}}],"line":312},"65":{"loc":{"start":{"line":313,"column":8},"end":{"line":316,"column":9}},"type":"if","locations":[{"start":{"line":313,"column":8},"end":{"line":316,"column":9}},{"start":{"line":313,"column":8},"end":{"line":316,"column":9}}],"line":313},"66":{"loc":{"start":{"line":313,"column":12},"end":{"line":313,"column":61}},"type":"binary-expr","locations":[{"start":{"line":313,"column":12},"end":{"line":313,"column":21}},{"start":{"line":313,"column":25},"end":{"line":313,"column":38}},{"start":{"line":313,"column":42},"end":{"line":313,"column":61}}],"line":313},"67":{"loc":{"start":{"line":317,"column":8},"end":{"line":327,"column":9}},"type":"if","locations":[{"start":{"line":317,"column":8},"end":{"line":327,"column":9}},{"start":{"line":317,"column":8},"end":{"line":327,"column":9}}],"line":317},"68":{"loc":{"start":{"line":319,"column":12},"end":{"line":325,"column":13}},"type":"if","locations":[{"start":{"line":319,"column":12},"end":{"line":325,"column":13}},{"start":{"line":319,"column":12},"end":{"line":325,"column":13}}],"line":319},"69":{"loc":{"start":{"line":321,"column":16},"end":{"line":324,"column":17}},"type":"if","locations":[{"start":{"line":321,"column":16},"end":{"line":324,"column":17}},{"start":{"line":321,"column":16},"end":{"line":324,"column":17}}],"line":321},"70":{"loc":{"start":{"line":321,"column":20},"end":{"line":321,"column":61}},"type":"binary-expr","locations":[{"start":{"line":321,"column":20},"end":{"line":321,"column":31}},{"start":{"line":321,"column":35},"end":{"line":321,"column":61}}],"line":321},"71":{"loc":{"start":{"line":330,"column":8},"end":{"line":332,"column":9}},"type":"if","locations":[{"start":{"line":330,"column":8},"end":{"line":332,"column":9}},{"start":{"line":330,"column":8},"end":{"line":332,"column":9}}],"line":330},"72":{"loc":{"start":{"line":330,"column":12},"end":{"line":330,"column":49}},"type":"binary-expr","locations":[{"start":{"line":330,"column":12},"end":{"line":330,"column":31}},{"start":{"line":330,"column":35},"end":{"line":330,"column":49}}],"line":330},"73":{"loc":{"start":{"line":333,"column":36},"end":{"line":333,"column":82}},"type":"binary-expr","locations":[{"start":{"line":333,"column":36},"end":{"line":333,"column":57}},{"start":{"line":333,"column":61},"end":{"line":333,"column":82}}],"line":333},"74":{"loc":{"start":{"line":334,"column":37},"end":{"line":335,"column":33}},"type":"binary-expr","locations":[{"start":{"line":334,"column":38},"end":{"line":334,"column":61}},{"start":{"line":334,"column":65},"end":{"line":334,"column":85}},{"start":{"line":335,"column":12},"end":{"line":335,"column":33}}],"line":334},"75":{"loc":{"start":{"line":336,"column":8},"end":{"line":338,"column":9}},"type":"if","locations":[{"start":{"line":336,"column":8},"end":{"line":338,"column":9}},{"start":{"line":336,"column":8},"end":{"line":338,"column":9}}],"line":336},"76":{"loc":{"start":{"line":336,"column":12},"end":{"line":336,"column":59}},"type":"binary-expr","locations":[{"start":{"line":336,"column":12},"end":{"line":336,"column":33}},{"start":{"line":336,"column":37},"end":{"line":336,"column":59}}],"line":336},"77":{"loc":{"start":{"line":339,"column":8},"end":{"line":363,"column":9}},"type":"if","locations":[{"start":{"line":339,"column":8},"end":{"line":363,"column":9}},{"start":{"line":339,"column":8},"end":{"line":363,"column":9}}],"line":339},"78":{"loc":{"start":{"line":340,"column":12},"end":{"line":350,"column":13}},"type":"if","locations":[{"start":{"line":340,"column":12},"end":{"line":350,"column":13}},{"start":{"line":340,"column":12},"end":{"line":350,"column":13}}],"line":340},"79":{"loc":{"start":{"line":343,"column":16},"end":{"line":349,"column":17}},"type":"if","locations":[{"start":{"line":343,"column":16},"end":{"line":349,"column":17}},{"start":{"line":343,"column":16},"end":{"line":349,"column":17}}],"line":343},"80":{"loc":{"start":{"line":351,"column":12},"end":{"line":361,"column":13}},"type":"if","locations":[{"start":{"line":351,"column":12},"end":{"line":361,"column":13}},{"start":{"line":351,"column":12},"end":{"line":361,"column":13}}],"line":351},"81":{"loc":{"start":{"line":354,"column":16},"end":{"line":360,"column":17}},"type":"if","locations":[{"start":{"line":354,"column":16},"end":{"line":360,"column":17}},{"start":{"line":354,"column":16},"end":{"line":360,"column":17}}],"line":354},"82":{"loc":{"start":{"line":366,"column":8},"end":{"line":371,"column":9}},"type":"switch","locations":[{"start":{"line":367,"column":12},"end":{"line":368,"column":39}},{"start":{"line":369,"column":12},"end":{"line":370,"column":35}}],"line":366},"83":{"loc":{"start":{"line":374,"column":8},"end":{"line":377,"column":9}},"type":"if","locations":[{"start":{"line":374,"column":8},"end":{"line":377,"column":9}},{"start":{"line":374,"column":8},"end":{"line":377,"column":9}}],"line":374},"84":{"loc":{"start":{"line":374,"column":12},"end":{"line":374,"column":48}},"type":"binary-expr","locations":[{"start":{"line":374,"column":12},"end":{"line":374,"column":25}},{"start":{"line":374,"column":29},"end":{"line":374,"column":48}}],"line":374},"85":{"loc":{"start":{"line":381,"column":8},"end":{"line":383,"column":9}},"type":"if","locations":[{"start":{"line":381,"column":8},"end":{"line":383,"column":9}},{"start":{"line":381,"column":8},"end":{"line":383,"column":9}}],"line":381},"86":{"loc":{"start":{"line":387,"column":8},"end":{"line":389,"column":9}},"type":"if","locations":[{"start":{"line":387,"column":8},"end":{"line":389,"column":9}},{"start":{"line":387,"column":8},"end":{"line":389,"column":9}}],"line":387},"87":{"loc":{"start":{"line":395,"column":12},"end":{"line":397,"column":13}},"type":"if","locations":[{"start":{"line":395,"column":12},"end":{"line":397,"column":13}},{"start":{"line":395,"column":12},"end":{"line":397,"column":13}}],"line":395},"88":{"loc":{"start":{"line":398,"column":12},"end":{"line":402,"column":13}},"type":"if","locations":[{"start":{"line":398,"column":12},"end":{"line":402,"column":13}},{"start":{"line":398,"column":12},"end":{"line":402,"column":13}}],"line":398},"89":{"loc":{"start":{"line":401,"column":19},"end":{"line":401,"column":78}},"type":"binary-expr","locations":[{"start":{"line":401,"column":19},"end":{"line":401,"column":49}},{"start":{"line":401,"column":53},"end":{"line":401,"column":78}}],"line":401},"90":{"loc":{"start":{"line":421,"column":8},"end":{"line":428,"column":9}},"type":"if","locations":[{"start":{"line":421,"column":8},"end":{"line":428,"column":9}},{"start":{"line":421,"column":8},"end":{"line":428,"column":9}}],"line":421},"91":{"loc":{"start":{"line":446,"column":31},"end":{"line":450,"column":86}},"type":"binary-expr","locations":[{"start":{"line":446,"column":31},"end":{"line":446,"column":37}},{"start":{"line":447,"column":12},"end":{"line":450,"column":86}}],"line":446},"92":{"loc":{"start":{"line":447,"column":14},"end":{"line":450,"column":85}},"type":"binary-expr","locations":[{"start":{"line":447,"column":14},"end":{"line":447,"column":37}},{"start":{"line":448,"column":18},"end":{"line":448,"column":28}},{"start":{"line":448,"column":32},"end":{"line":448,"column":80}},{"start":{"line":449,"column":21},"end":{"line":449,"column":42}},{"start":{"line":450,"column":24},"end":{"line":450,"column":83}}],"line":447},"93":{"loc":{"start":{"line":451,"column":31},"end":{"line":451,"column":58}},"type":"binary-expr","locations":[{"start":{"line":451,"column":31},"end":{"line":451,"column":40}},{"start":{"line":451,"column":44},"end":{"line":451,"column":58}}],"line":451},"94":{"loc":{"start":{"line":452,"column":32},"end":{"line":452,"column":60}},"type":"binary-expr","locations":[{"start":{"line":452,"column":32},"end":{"line":452,"column":41}},{"start":{"line":452,"column":45},"end":{"line":452,"column":60}}],"line":452},"95":{"loc":{"start":{"line":454,"column":31},"end":{"line":458,"column":38}},"type":"cond-expr","locations":[{"start":{"line":455,"column":14},"end":{"line":455,"column":101}},{"start":{"line":456,"column":14},"end":{"line":458,"column":38}}],"line":454},"96":{"loc":{"start":{"line":456,"column":14},"end":{"line":458,"column":38}},"type":"cond-expr","locations":[{"start":{"line":457,"column":18},"end":{"line":457,"column":75}},{"start":{"line":458,"column":18},"end":{"line":458,"column":38}}],"line":456},"97":{"loc":{"start":{"line":463,"column":32},"end":{"line":465,"column":32}},"type":"cond-expr","locations":[{"start":{"line":464,"column":26},"end":{"line":464,"column":63}},{"start":{"line":465,"column":26},"end":{"line":465,"column":32}}],"line":463},"98":{"loc":{"start":{"line":464,"column":26},"end":{"line":464,"column":63}},"type":"binary-expr","locations":[{"start":{"line":464,"column":26},"end":{"line":464,"column":42}},{"start":{"line":464,"column":46},"end":{"line":464,"column":63}}],"line":464},"99":{"loc":{"start":{"line":466,"column":30},"end":{"line":466,"column":68}},"type":"cond-expr","locations":[{"start":{"line":466,"column":50},"end":{"line":466,"column":58}},{"start":{"line":466,"column":61},"end":{"line":466,"column":68}}],"line":466},"100":{"loc":{"start":{"line":469,"column":12},"end":{"line":469,"column":75}},"type":"binary-expr","locations":[{"start":{"line":469,"column":12},"end":{"line":469,"column":28}},{"start":{"line":469,"column":32},"end":{"line":469,"column":49}},{"start":{"line":469,"column":53},"end":{"line":469,"column":75}}],"line":469},"101":{"loc":{"start":{"line":470,"column":12},"end":{"line":470,"column":77}},"type":"binary-expr","locations":[{"start":{"line":470,"column":12},"end":{"line":470,"column":28}},{"start":{"line":470,"column":32},"end":{"line":470,"column":50}},{"start":{"line":470,"column":54},"end":{"line":470,"column":77}}],"line":470}},"s":{"0":6,"1":6,"2":6,"3":0,"4":0,"5":0,"6":0,"7":6,"8":6,"9":6,"10":6,"11":6,"12":6,"13":4,"14":0,"15":0,"16":0,"17":0,"18":0,"19":0,"20":0,"21":0,"22":4,"23":6,"24":6,"25":6,"26":6,"27":6,"28":6,"29":6,"30":6,"31":6,"32":6,"33":9,"34":9,"35":9,"36":9,"37":9,"38":9,"39":9,"40":9,"41":9,"42":9,"43":9,"44":9,"45":9,"46":9,"47":9,"48":9,"49":9,"50":9,"51":9,"52":9,"53":6,"54":1,"55":0,"56":1,"57":6,"58":9,"59":9,"60":9,"61":9,"62":9,"63":9,"64":9,"65":0,"66":6,"67":26,"68":26,"69":26,"70":26,"71":26,"72":26,"73":26,"74":26,"75":6,"76":21,"77":21,"78":21,"79":21,"80":21,"81":63,"82":63,"83":63,"84":63,"85":63,"86":63,"87":39,"88":39,"89":6,"90":39,"91":39,"92":39,"93":39,"94":39,"95":39,"96":26,"97":39,"98":2,"99":6,"100":28,"101":0,"102":28,"103":0,"104":28,"105":6,"106":12,"107":12,"108":4,"109":8,"110":6,"111":2,"112":12,"113":6,"114":37,"115":37,"116":37,"117":37,"118":37,"119":37,"120":37,"121":0,"122":0,"123":37,"124":0,"125":37,"126":0,"127":0,"128":37,"129":0,"130":37,"131":28,"132":6,"133":28,"134":28,"135":28,"136":28,"137":28,"138":28,"139":28,"140":28,"141":28,"142":28,"143":0,"144":0,"145":0,"146":0,"147":6,"148":1,"149":1,"150":0,"151":1,"152":1,"153":1,"154":1,"155":1,"156":1,"157":1,"158":1,"159":0,"160":1,"161":0,"162":1,"163":1,"164":1,"165":1,"166":0,"167":0,"168":6,"169":0,"170":0,"171":0,"172":0,"173":0,"174":0,"175":0,"176":0,"177":0,"178":0,"179":0,"180":0,"181":0,"182":0,"183":0,"184":0,"185":0,"186":0,"187":0,"188":0,"189":6,"190":9,"191":9,"192":9,"193":9,"194":0,"195":0,"196":6,"197":1,"198":1,"199":1,"200":1,"201":6,"202":11,"203":10,"204":1,"205":1,"206":1,"207":1,"208":1,"209":6,"210":11,"211":0,"212":11,"213":11,"214":0,"215":0,"216":11,"217":1,"218":1,"219":1,"220":1,"221":1,"222":1,"223":1,"224":1,"225":1,"226":6,"227":11,"228":0,"229":11,"230":11,"231":11,"232":0,"233":11,"234":1,"235":1,"236":1,"237":1,"238":1,"239":0,"240":1,"241":0,"242":0,"243":0,"244":0,"245":0,"246":1,"247":6,"248":0,"249":0,"250":0,"251":6,"252":0,"253":0,"254":0,"255":6,"256":0,"257":0,"258":0,"259":0,"260":0,"261":0,"262":0,"263":0,"264":0,"265":0,"266":0,"267":0,"268":0,"269":0,"270":0,"271":0,"272":0,"273":6,"274":44,"275":6,"276":36,"277":36,"278":36,"279":6,"280":6,"281":44,"282":44,"283":44,"284":12,"285":6,"286":46,"287":46,"288":46,"289":2,"290":0,"291":0,"292":0,"293":44,"294":6,"295":46,"296":46,"297":24,"298":6,"299":46,"300":6,"301":46,"302":46,"303":46,"304":46,"305":46,"306":46,"307":46,"308":46,"309":46,"310":46,"311":46,"312":46,"313":46,"314":46,"315":46,"316":46,"317":46,"318":46,"319":46,"320":46,"321":46,"322":46,"323":46,"324":46,"325":6,"326":6,"327":6},"f":{"0":6,"1":6,"2":0,"3":0,"4":6,"5":6,"6":4,"7":0,"8":6,"9":9,"10":1,"11":9,"12":26,"13":26,"14":21,"15":63,"16":39,"17":39,"18":28,"19":12,"20":37,"21":0,"22":28,"23":0,"24":1,"25":1,"26":0,"27":0,"28":0,"29":0,"30":9,"31":1,"32":11,"33":11,"34":11,"35":0,"36":0,"37":0,"38":0,"39":0,"40":44,"41":36,"42":6,"43":44,"44":12,"45":46,"46":0,"47":0,"48":0,"49":46,"50":24,"51":46,"52":46},"b":{"0":[6,6,6],"1":[6,0,0,0],"2":[0,0],"3":[0,6],"4":[6,6,6],"5":[4,0],"6":[0,0],"7":[9,9],"8":[9,9],"9":[9,9],"10":[9,9],"11":[0,1],"12":[9,0],"13":[0,9],"14":[9,0],"15":[2,24],"16":[26,26],"17":[39,24],"18":[63,60],"19":[39,0],"20":[39,39],"21":[26,13],"22":[2,37],"23":[0,28],"24":[0,28],"25":[28,28],"26":[4,8],"27":[6,2],"28":[8,6],"29":[0,37],"30":[37,37,37],"31":[0,0],"32":[0,37],"33":[37,37],"34":[0,37],"35":[37,0,0],"36":[0,37],"37":[37,37,0],"38":[28,9],"39":[0,28],"40":[28,28,22,0],"41":[0,0],"42":[0,0],"43":[0,0],"44":[0,1],"45":[0,1],"46":[1,1],"47":[0,1],"48":[0,1],"49":[0,0],"50":[0,0],"51":[0,0],"52":[0,0],"53":[0,0],"54":[0,0],"55":[0,0],"56":[9,0],"57":[0,9],"58":[9,0],"59":[10,1],"60":[11,0,11,11,11,11],"61":[0,1],"62":[0,11],"63":[11,0,11,11,11],"64":[0,11],"65":[0,11],"66":[11,0,0],"67":[1,10],"68":[1,0],"69":[1,0],"70":[1,1],"71":[0,11],"72":[11,0],"73":[11,0],"74":[11,11,11],"75":[0,11],"76":[11,11],"77":[1,10],"78":[1,0],"79":[1,0],"80":[0,1],"81":[0,0],"82":[0,0],"83":[0,0],"84":[0,0],"85":[0,0],"86":[0,0],"87":[0,0],"88":[0,0],"89":[0,0],"90":[2,44],"91":[46,44],"92":[44,0,0,0,0],"93":[46,12],"94":[46,12],"95":[0,46],"96":[0,46],"97":[2,44],"98":[2,2],"99":[0,46],"100":[46,44,36],"101":[46,44,44]},"_coverageSchema":"43e27e138ebf9cfc5966b082cf9a028302ed4184","hash":"177e5fd28bda8b35c00ef2034fbb994c5d0f309a"}
,"/Users/yi.a.zhuang/Desktop/backup/react-multi-carousel/lib/CarouselItems.js": {"path":"/Users/yi.a.zhuang/Desktop/backup/react-multi-carousel/lib/CarouselItems.js","statementMap":{"0":{"start":{"line":2,"column":0},"end":{"line":2,"column":62}},"1":{"start":{"line":3,"column":12},"end":{"line":3,"column":28}},"2":{"start":{"line":4,"column":14},"end":{"line":4,"column":32}},"3":{"start":{"line":5,"column":20},"end":{"line":38,"column":1}},"4":{"start":{"line":6,"column":16},"end":{"line":6,"column":24}},"5":{"start":{"line":6,"column":34},"end":{"line":6,"column":42}},"6":{"start":{"line":6,"column":56},"end":{"line":6,"column":68}},"7":{"start":{"line":7,"column":20},"end":{"line":7,"column":35}},"8":{"start":{"line":7,"column":46},"end":{"line":7,"column":58}},"9":{"start":{"line":7,"column":75},"end":{"line":7,"column":93}},"10":{"start":{"line":8,"column":19},"end":{"line":8,"column":33}},"11":{"start":{"line":8,"column":46},"end":{"line":8,"column":60}},"12":{"start":{"line":8,"column":74},"end":{"line":8,"column":89}},"13":{"start":{"line":8,"column":108},"end":{"line":8,"column":128}},"14":{"start":{"line":9,"column":13},"end":{"line":9,"column":50}},"15":{"start":{"line":9,"column":64},"end":{"line":9,"column":76}},"16":{"start":{"line":9,"column":98},"end":{"line":9,"column":118}},"17":{"start":{"line":9,"column":137},"end":{"line":9,"column":154}},"18":{"start":{"line":9,"column":183},"end":{"line":9,"column":210}},"19":{"start":{"line":10,"column":4},"end":{"line":24,"column":5}},"20":{"start":{"line":11,"column":8},"end":{"line":23,"column":82}},"21":{"start":{"line":11,"column":52},"end":{"line":23,"column":78}},"22":{"start":{"line":12,"column":16},"end":{"line":14,"column":17}},"23":{"start":{"line":13,"column":20},"end":{"line":13,"column":37}},"24":{"start":{"line":25,"column":4},"end":{"line":37,"column":78}},"25":{"start":{"line":25,"column":74},"end":{"line":37,"column":74}},"26":{"start":{"line":26,"column":12},"end":{"line":28,"column":13}},"27":{"start":{"line":27,"column":16},"end":{"line":27,"column":33}},"28":{"start":{"line":39,"column":0},"end":{"line":39,"column":32}}},"fnMap":{"0":{"name":"(anonymous_0)","decl":{"start":{"line":5,"column":20},"end":{"line":5,"column":21}},"loc":{"start":{"line":5,"column":34},"end":{"line":38,"column":1}},"line":5},"1":{"name":"(anonymous_1)","decl":{"start":{"line":11,"column":26},"end":{"line":11,"column":27}},"loc":{"start":{"line":11,"column":50},"end":{"line":23,"column":80}},"line":11},"2":{"name":"(anonymous_2)","decl":{"start":{"line":11,"column":109},"end":{"line":11,"column":110}},"loc":{"start":{"line":11,"column":121},"end":{"line":15,"column":13}},"line":11},"3":{"name":"(anonymous_3)","decl":{"start":{"line":25,"column":48},"end":{"line":25,"column":49}},"loc":{"start":{"line":25,"column":72},"end":{"line":37,"column":76}},"line":25},"4":{"name":"(anonymous_4)","decl":{"start":{"line":25,"column":152},"end":{"line":25,"column":153}},"loc":{"start":{"line":25,"column":164},"end":{"line":29,"column":9}},"line":25}},"branchMap":{"0":{"loc":{"start":{"line":10,"column":4},"end":{"line":24,"column":5}},"type":"if","locations":[{"start":{"line":10,"column":4},"end":{"line":24,"column":5}},{"start":{"line":10,"column":4},"end":{"line":24,"column":5}}],"line":10},"1":{"loc":{"start":{"line":12,"column":16},"end":{"line":14,"column":17}},"type":"if","locations":[{"start":{"line":12,"column":16},"end":{"line":14,"column":17}},{"start":{"line":12,"column":16},"end":{"line":14,"column":17}}],"line":12},"2":{"loc":{"start":{"line":15,"column":30},"end":{"line":15,"column":90}},"type":"cond-expr","locations":[{"start":{"line":15,"column":74},"end":{"line":15,"column":81}},{"start":{"line":15,"column":84},"end":{"line":15,"column":90}}],"line":15},"3":{"loc":{"start":{"line":16,"column":22},"end":{"line":16,"column":75}},"type":"cond-expr","locations":[{"start":{"line":16,"column":42},"end":{"line":16,"column":66}},{"start":{"line":16,"column":69},"end":{"line":16,"column":75}}],"line":16},"4":{"loc":{"start":{"line":18,"column":23},"end":{"line":22,"column":28}},"type":"cond-expr","locations":[{"start":{"line":19,"column":22},"end":{"line":21,"column":43}},{"start":{"line":22,"column":22},"end":{"line":22,"column":28}}],"line":18},"5":{"loc":{"start":{"line":19,"column":23},"end":{"line":21,"column":35}},"type":"cond-expr","locations":[{"start":{"line":20,"column":26},"end":{"line":20,"column":62}},{"start":{"line":21,"column":26},"end":{"line":21,"column":35}}],"line":19},"6":{"loc":{"start":{"line":19,"column":23},"end":{"line":19,"column":65}},"type":"binary-expr","locations":[{"start":{"line":19,"column":23},"end":{"line":19,"column":37}},{"start":{"line":19,"column":41},"end":{"line":19,"column":65}}],"line":19},"7":{"loc":{"start":{"line":26,"column":12},"end":{"line":28,"column":13}},"type":"if","locations":[{"start":{"line":26,"column":12},"end":{"line":28,"column":13}},{"start":{"line":26,"column":12},"end":{"line":28,"column":13}}],"line":26},"8":{"loc":{"start":{"line":29,"column":26},"end":{"line":29,"column":86}},"type":"cond-expr","locations":[{"start":{"line":29,"column":70},"end":{"line":29,"column":77}},{"start":{"line":29,"column":80},"end":{"line":29,"column":86}}],"line":29},"9":{"loc":{"start":{"line":30,"column":18},"end":{"line":30,"column":71}},"type":"cond-expr","locations":[{"start":{"line":30,"column":38},"end":{"line":30,"column":62}},{"start":{"line":30,"column":65},"end":{"line":30,"column":71}}],"line":30},"10":{"loc":{"start":{"line":32,"column":19},"end":{"line":36,"column":24}},"type":"cond-expr","locations":[{"start":{"line":33,"column":18},"end":{"line":35,"column":39}},{"start":{"line":36,"column":18},"end":{"line":36,"column":24}}],"line":32},"11":{"loc":{"start":{"line":33,"column":19},"end":{"line":35,"column":31}},"type":"cond-expr","locations":[{"start":{"line":34,"column":22},"end":{"line":34,"column":58}},{"start":{"line":35,"column":22},"end":{"line":35,"column":31}}],"line":33},"12":{"loc":{"start":{"line":33,"column":19},"end":{"line":33,"column":61}},"type":"binary-expr","locations":[{"start":{"line":33,"column":19},"end":{"line":33,"column":33}},{"start":{"line":33,"column":37},"end":{"line":33,"column":61}}],"line":33}},"s":{"0":6,"1":6,"2":6,"3":6,"4":46,"5":46,"6":46,"7":46,"8":46,"9":46,"10":46,"11":46,"12":46,"13":46,"14":46,"15":46,"16":46,"17":46,"18":46,"19":46,"20":34,"21":600,"22":0,"23":0,"24":12,"25":144,"26":0,"27":0,"28":6},"f":{"0":46,"1":600,"2":0,"3":144,"4":0},"b":{"0":[34,12],"1":[0,0],"2":[74,526],"3":[0,600],"4":[0,600],"5":[0,0],"6":[0,0],"7":[0,0],"8":[26,118],"9":[0,144],"10":[0,144],"11":[0,0],"12":[0,0]},"_coverageSchema":"43e27e138ebf9cfc5966b082cf9a028302ed4184","hash":"828527d6d0043ab8bc53cf383fa5be501150cb25"}
,"/Users/yi.a.zhuang/Desktop/backup/react-multi-carousel/lib/Dots.js": {"path":"/Users/yi.a.zhuang/Desktop/backup/react-multi-carousel/lib/Dots.js","statementMap":{"0":{"start":{"line":2,"column":0},"end":{"line":2,"column":62}},"1":{"start":{"line":3,"column":12},"end":{"line":3,"column":28}},"2":{"start":{"line":4,"column":14},"end":{"line":4,"column":32}},"3":{"start":{"line":5,"column":11},"end":{"line":47,"column":1}},"4":{"start":{"line":6,"column":16},"end":{"line":6,"column":24}},"5":{"start":{"line":6,"column":34},"end":{"line":6,"column":42}},"6":{"start":{"line":6,"column":56},"end":{"line":6,"column":68}},"7":{"start":{"line":6,"column":81},"end":{"line":6,"column":92}},"8":{"start":{"line":7,"column":19},"end":{"line":7,"column":33}},"9":{"start":{"line":7,"column":47},"end":{"line":7,"column":62}},"10":{"start":{"line":7,"column":79},"end":{"line":7,"column":97}},"11":{"start":{"line":7,"column":110},"end":{"line":7,"column":124}},"12":{"start":{"line":7,"column":137},"end":{"line":7,"column":151}},"13":{"start":{"line":8,"column":4},"end":{"line":10,"column":5}},"14":{"start":{"line":9,"column":8},"end":{"line":9,"column":20}},"15":{"start":{"line":11,"column":23},"end":{"line":11,"column":41}},"16":{"start":{"line":12,"column":22},"end":{"line":12,"column":54}},"17":{"start":{"line":13,"column":4},"end":{"line":46,"column":9}},"18":{"start":{"line":16,"column":25},"end":{"line":18,"column":19}},"19":{"start":{"line":19,"column":25},"end":{"line":21,"column":18}},"20":{"start":{"line":24,"column":8},"end":{"line":35,"column":9}},"21":{"start":{"line":29,"column":12},"end":{"line":30,"column":75}},"22":{"start":{"line":34,"column":12},"end":{"line":34,"column":51}},"23":{"start":{"line":36,"column":8},"end":{"line":43,"column":9}},"24":{"start":{"line":37,"column":12},"end":{"line":42,"column":15}},"25":{"start":{"line":40,"column":39},"end":{"line":40,"column":68}},"26":{"start":{"line":44,"column":8},"end":{"line":45,"column":104}},"27":{"start":{"line":45,"column":67},"end":{"line":45,"column":96}},"28":{"start":{"line":48,"column":0},"end":{"line":48,"column":23}}},"fnMap":{"0":{"name":"(anonymous_0)","decl":{"start":{"line":5,"column":11},"end":{"line":5,"column":12}},"loc":{"start":{"line":5,"column":25},"end":{"line":47,"column":1}},"line":5},"1":{"name":"(anonymous_1)","decl":{"start":{"line":15,"column":13},"end":{"line":15,"column":14}},"loc":{"start":{"line":15,"column":36},"end":{"line":46,"column":5}},"line":15},"2":{"name":"(anonymous_2)","decl":{"start":{"line":40,"column":25},"end":{"line":40,"column":26}},"loc":{"start":{"line":40,"column":37},"end":{"line":40,"column":70}},"line":40},"3":{"name":"(anonymous_3)","decl":{"start":{"line":45,"column":53},"end":{"line":45,"column":54}},"loc":{"start":{"line":45,"column":65},"end":{"line":45,"column":98}},"line":45}},"branchMap":{"0":{"loc":{"start":{"line":8,"column":4},"end":{"line":10,"column":5}},"type":"if","locations":[{"start":{"line":8,"column":4},"end":{"line":10,"column":5}},{"start":{"line":8,"column":4},"end":{"line":10,"column":5}}],"line":8},"1":{"loc":{"start":{"line":16,"column":25},"end":{"line":18,"column":19}},"type":"cond-expr","locations":[{"start":{"line":17,"column":14},"end":{"line":17,"column":71}},{"start":{"line":18,"column":14},"end":{"line":18,"column":19}}],"line":16},"2":{"loc":{"start":{"line":19,"column":25},"end":{"line":21,"column":18}},"type":"cond-expr","locations":[{"start":{"line":20,"column":14},"end":{"line":20,"column":68}},{"start":{"line":21,"column":14},"end":{"line":21,"column":18}}],"line":19},"3":{"loc":{"start":{"line":24,"column":8},"end":{"line":35,"column":9}},"type":"if","locations":[{"start":{"line":24,"column":8},"end":{"line":35,"column":9}},{"start":{"line":24,"column":8},"end":{"line":35,"column":9}}],"line":24},"4":{"loc":{"start":{"line":30,"column":16},"end":{"line":30,"column":74}},"type":"binary-expr","locations":[{"start":{"line":30,"column":16},"end":{"line":30,"column":43}},{"start":{"line":30,"column":47},"end":{"line":30,"column":74}}],"line":30},"5":{"loc":{"start":{"line":36,"column":8},"end":{"line":43,"column":9}},"type":"if","locations":[{"start":{"line":36,"column":8},"end":{"line":43,"column":9}},{"start":{"line":36,"column":8},"end":{"line":43,"column":9}}],"line":36},"6":{"loc":{"start":{"line":44,"column":119},"end":{"line":44,"column":169}},"type":"cond-expr","locations":[{"start":{"line":44,"column":130},"end":{"line":44,"column":164}},{"start":{"line":44,"column":167},"end":{"line":44,"column":169}}],"line":44}},"s":{"0":6,"1":6,"2":6,"3":6,"4":46,"5":46,"6":46,"7":46,"8":46,"9":46,"10":46,"11":46,"12":46,"13":46,"14":40,"15":6,"16":6,"17":6,"18":72,"19":72,"20":72,"21":72,"22":0,"23":72,"24":24,"25":0,"26":48,"27":0,"28":6},"f":{"0":46,"1":72,"2":0,"3":0},"b":{"0":[40,6],"1":[48,24],"2":[48,24],"3":[72,0],"4":[72,71],"5":[24,48],"6":[4,44]},"_coverageSchema":"43e27e138ebf9cfc5966b082cf9a028302ed4184","hash":"db859613fd2e9f4ef44825edcd2210c8e520289d"}
[...]
5":{"start":{"line":22,"column":10},"end":{"line":22,"column":18}},"6":{"start":{"line":23,"column":20},"end":{"line":23,"column":25}},"7":{"start":{"line":27,"column":32},"end":{"line":28,"column":null}},"8":{"start":{"line":30,"column":31},"end":{"line":31,"column":null}},"9":{"start":{"line":33,"column":24},"end":{"line":33,"column":49}},"10":{"start":{"line":34,"column":23},"end":{"line":34,"column":48}},"11":{"start":{"line":36,"column":31},"end":{"line":36,"column":71}},"12":{"start":{"line":38,"column":6},"end":{"line":38,"column":26}},"13":{"start":{"line":39,"column":30},"end":{"line":40,"column":null}},"14":{"start":{"line":42,"column":28},"end":{"line":42,"column":64}},"15":{"start":{"line":43,"column":26},"end":{"line":43,"column":68}},"16":{"start":{"line":48,"column":8},"end":{"line":48,"column":37}},"17":{"start":{"line":49,"column":8},"end":{"line":49,"column":27}},"18":{"start":{"line":54,"column":31},"end":{"line":54,"column":70}},"19":{"start":{"line":56,"column":6},"end":{"line":56,"column":25}},"20":{"start":{"line":57,"column":28},"end":{"line":57,"column":64}},"21":{"start":{"line":58,"column":27},"end":{"line":58,"column":45}},"22":{"start":{"line":60,"column":8},"end":{"line":60,"column":27}},"23":{"start":{"line":61,"column":8},"end":{"line":61,"column":37}},"24":{"start":{"line":65,"column":2},"end":{"line":69,"column":4}},"25":{"start":{"line":73,"column":9},"end":{"line":73,"column":39}}},"fnMap":{"0":{"name":"populateSlidesOnMouseTouchMove","decl":{"start":{"line":4,"column":9},"end":{"line":4,"column":39}},"loc":{"start":{"line":9,"column":17},"end":{"line":70,"column":1}}}},"branchMap":{"0":{"loc":{"start":{"line":45,"column":8},"end":{"line":45,"column":50}},"type":"binary-expr","locations":[{"start":{"line":45,"column":8},"end":{"line":45,"column":50}},{"start":{"line":46,"column":9},"end":{"line":46,"column":20}},{"start":{"line":46,"column":24},"end":{"line":46,"column":32}}]},"1":{"loc":{"start":{"line":59,"column":10},"end":{"line":59,"column":28}},"type":"binary-expr","locations":[{"start":{"line":59,"column":10},"end":{"line":59,"column":28}},{"start":{"line":59,"column":33},"end":{"line":59,"column":45}},{"start":{"line":59,"column":49},"end":{"line":59,"column":57}}]}},"s":{"0":4,"1":4,"2":4,"3":4,"4":4,"5":4,"6":4,"7":4,"8":4,"9":4,"10":4,"11":2,"12":2,"13":2,"14":2,"15":2,"16":1,"17":1,"18":2,"19":2,"20":2,"21":2,"22":1,"23":1,"24":4,"25":6},"f":{"0":4},"b":{"0":[2,1,0],"1":[2,1,0]}}
,"/Users/yi.a.zhuang/Desktop/backup/react-multi-carousel/src/utils/next.ts": {"path":"/Users/yi.a.zhuang/Desktop/backup/react-multi-carousel/src/utils/next.ts","statementMap":{"0":{"start":{"line":11,"column":2},"end":{"line":11,"column":null}},"1":{"start":{"line":16,"column":10},"end":{"line":16,"column":22}},"2":{"start":{"line":16,"column":24},"end":{"line":16,"column":36}},"3":{"start":{"line":16,"column":38},"end":{"line":16,"column":47}},"4":{"start":{"line":16,"column":49},"end":{"line":16,"column":59}},"5":{"start":{"line":17,"column":10},"end":{"line":17,"column":23}},"6":{"start":{"line":23,"column":4},"end":{"line":27,"column":47}},"7":{"start":{"line":30,"column":4},"end":{"line":33,"column":50}},"8":{"start":{"line":34,"column":4},"end":{"line":34,"column":45}},"9":{"start":{"line":41,"column":4},"end":{"line":41,"column":43}},"10":{"start":{"line":42,"column":4},"end":{"line":42,"column":45}},"11":{"start":{"line":44,"column":4},"end":{"line":44,"column":27}},"12":{"start":{"line":45,"column":4},"end":{"line":45,"column":29}},"13":{"start":{"line":47,"column":2},"end":{"line":50,"column":4}},"14":{"start":{"line":53,"column":9},"end":{"line":53,"column":27}}},"fnMap":{"0":{"name":"populateNextSlides","decl":{"start":{"line":8,"column":9},"end":{"line":8,"column":27}},"loc":{"start":{"line":11,"column":30},"end":{"line":51,"column":1}}}},"branchMap":{"0":{"loc":{"start":{"line":11,"column":2},"end":{"line":11,"column":null}},"type":"if","locations":[{"start":{"line":11,"column":2},"end":{"line":11,"column":null}},{"start":{"line":11,"column":2},"end":{"line":11,"column":null}}]},"1":{"loc":{"start":{"line":27,"column":28},"end":{"line":27,"column":29}},"type":"cond-expr","locations":[{"start":{"line":27,"column":28},"end":{"line":27,"column":29}},{"start":{"line":27,"column":32},"end":{"line":27,"column":46}}]},"2":{"loc":{"start":{"line":33,"column":30},"end":{"line":33,"column":31}},"type":"cond-expr","locations":[{"start":{"line":33,"column":30},"end":{"line":33,"column":31}},{"start":{"line":33,"column":34},"end":{"line":33,"column":48}}]},"3":{"loc":{"start":{"line":36,"column":4},"end":{"line":36,"column":34}},"type":"binary-expr","locations":[{"start":{"line":36,"column":4},"end":{"line":36,"column":34}},{"start":{"line":37,"column":4},"end":{"line":37,"column":46}}]}},"s":{"0":6,"1":3,"2":3,"3":3,"4":3,"5":3,"6":3,"7":2,"8":2,"9":0,"10":0,"11":1,"12":1,"13":3,"14":6},"f":{"0":3},"b":{"0":[3,0],"1":[0,3],"2":[0,2],"3":[1,1]}}
,"/Users/yi.a.zhuang/Desktop/backup/react-multi-carousel/src/utils/previous.ts": {"path":"/Users/yi.a.zhuang/Desktop/backup/react-multi-carousel/src/utils/previous.ts","statementMap":{"0":{"start":{"line":11,"column":2},"end":{"line":11,"column":null}},"1":{"start":{"line":16,"column":10},"end":{"line":16,"column":22}},"2":{"start":{"line":16,"column":24},"end":{"line":16,"column":33}},"3":{"start":{"line":17,"column":10},"end":{"line":17,"column":23}},"4":{"start":{"line":21,"column":4},"end":{"line":23,"column":47}},"5":{"start":{"line":26,"column":4},"end":{"line":26,"column":35}},"6":{"start":{"line":27,"column":4},"end":{"line":27,"column":45}},"7":{"start":{"line":33,"column":4},"end":{"line":33,"column":19}},"8":{"start":{"line":34,"column":4},"end":{"line":34,"column":21}},"9":{"start":{"line":36,"column":4},"end":{"line":36,"column":27}},"10":{"start":{"line":37,"column":4},"end":{"line":37,"column":29}},"11":{"start":{"line":39,"column":2},"end":{"line":42,"column":4}},"12":{"start":{"line":45,"column":9},"end":{"line":45,"column":31}}},"fnMap":{"0":{"name":"populatePreviousSlides","decl":{"start":{"line":8,"column":9},"end":{"line":8,"column":31}},"loc":{"start":{"line":11,"column":30},"end":{"line":43,"column":1}}}},"branchMap":{"0":{"loc":{"start":{"line":11,"column":2},"end":{"line":11,"column":null}},"type":"if","locations":[{"start":{"line":11,"column":2},"end":{"line":11,"column":null}},{"start":{"line":11,"column":2},"end":{"line":11,"column":null}}]},"1":{"loc":{"start":{"line":23,"column":28},"end":{"line":23,"column":29}},"type":"cond-expr","locations":[{"start":{"line":23,"column":28},"end":{"line":23,"column":29}},{"start":{"line":23,"column":32},"end":{"line":23,"column":46}}]},"2":{"loc":{"start":{"line":28,"column":13},"end":{"line":28,"column":34}},"type":"binary-expr","locations":[{"start":{"line":28,"column":13},"end":{"line":28,"column":34}},{"start":{"line":28,"column":38},"end":{"line":28,"column":56}}]}},"s":{"0":6,"1":3,"2":3,"3":3,"4":3,"5":2,"6":2,"7":0,"8":0,"9":1,"10":1,"11":3,"12":6},"f":{"0":3},"b":{"0":[3,0],"1":[0,3],"2":[1,1]}}
,"/Users/yi.a.zhuang/Desktop/backup/react-multi-carousel/src/utils/throttle.ts": {"path":"/Users/yi.a.zhuang/Desktop/backup/react-multi-carousel/src/utils/throttle.ts","statementMap":{"0":{"start":{"line":1,"column":17},"end":{"line":20,"column":1}},"1":{"start":{"line":3,"column":2},"end":{"line":19,"column":4}},"2":{"start":{"line":4,"column":17},"end":{"line":4,"column":26}},"3":{"start":{"line":5,"column":20},"end":{"line":5,"column":24}},"4":{"start":{"line":7,"column":6},"end":{"line":7,"column":32}},"5":{"start":{"line":8,"column":6},"end":{"line":8,"column":24}},"6":{"start":{"line":10,"column":8},"end":{"line":10,"column":30}},"7":{"start":{"line":12,"column":6},"end":{"line":17,"column":16}},"8":{"start":{"line":13,"column":8},"end":{"line":13,"column":27}},"9":{"start":{"line":15,"column":10},"end":{"line":15,"column":33}},"10":{"start":{"line":22,"column":0},"end":{"line":22,"column":24}}},"fnMap":{"0":{"name":"(anonymous_0)","decl":{"start":{"line":1,"column":17},"end":{"line":1,"column":18}},"loc":{"start":{"line":1,"column":65},"end":{"line":20,"column":1}}},"1":{"name":"(anonymous_1)","decl":{"start":{"line":3,"column":9},"end":{"line":3,"column":null}},"loc":{"start":{"line":3,"column":9},"end":{"line":19,"column":3}}},"2":{"name":"(anonymous_2)","decl":{"start":{"line":12,"column":17},"end":{"line":12,"column":null}},"loc":{"start":{"line":12,"column":17},"end":{"line":17,"column":7}}}},"branchMap":{},"s":{"0":6,"1":0,"2":0,"3":0,"4":0,"5":0,"6":0,"7":0,"8":0,"9":0,"10":6},"f":{"0":0,"1":0,"2":0},"b":{}}
,"/Users/yi.a.zhuang/Desktop/backup/react-multi-carousel/src/utils/throwError.ts": {"path":"/Users/yi.a.zhuang/Desktop/backup/react-multi-carousel/src/utils/throwError.ts","statementMap":{"0":{"start":{"line":4,"column":10},"end":{"line":4,"column":24}},"1":{"start":{"line":4,"column":26},"end":{"line":4,"column":36}},"2":{"start":{"line":4,"column":38},"end":{"line":4,"column":41}},"3":{"start":{"line":4,"column":43},"end":{"line":4,"column":53}},"4":{"start":{"line":4,"column":55},"end":{"line":4,"column":63}},"5":{"start":{"line":6,"column":4},"end":{"line":8,"column":6}},"6":{"start":{"line":12,"column":6},"end":{"line":12,"column":null}},"7":{"start":{"line":14,"column":6},"end":{"line":14,"column":null}},"8":{"start":{"line":18,"column":4},"end":{"line":18,"column":57}},"9":{"start":{"line":22,"column":0},"end":{"line":22,"column":26}}},"fnMap":{"0":{"name":"throwError","decl":{"start":{"line":3,"column":9},"end":{"line":3,"column":19}},"loc":{"start":{"line":3,"column":68},"end":{"line":20,"column":1}}}},"branchMap":{"0":{"loc":{"start":{"line":5,"column":6},"end":{"line":5,"column":20}},"type":"binary-expr","locations":[{"start":{"line":5,"column":6},"end":{"line":5,"column":20}},{"start":{"line":5,"column":24},"end":{"line":5,"column":34}}]},"1":{"loc":{"start":{"line":17,"column":5},"end":{"line":17,"column":15}},"type":"binary-expr","locations":[{"start":{"line":17,"column":5},"end":{"line":17,"column":15}},{"start":{"line":17,"column":19},"end":{"line":17,"column":49}}]}},"s":{"0":0,"1":0,"2":0,"3":0,"4":0,"5":0,"6":0,"7":0,"8":0,"9":6},"f":{"0":0},"b":{"0":[0,0],"1":[0,0]}}
,"/Users/yi.a.zhuang/Desktop/backup/react-multi-carousel/test/integration/common/data.ts": {"path":"/Users/yi.a.zhuang/Desktop/backup/react-multi-carousel/test/integration/common/data.ts","statementMap":{"0":{"start":{"line":33,"column":17},"end":{"line":41,"column":4}},"1":{"start":{"line":36,"column":4},"end":{"line":40,"column":6}},"2":{"start":{"line":51,"column":9},"end":{"line":51,"column":17}},"3":{"start":{"line":42,"column":18},"end":{"line":50,"column":4}},"4":{"start":{"line":45,"column":4},"end":{"line":49,"column":6}},"5":{"start":{"line":51,"column":19},"end":{"line":51,"column":28}}},"fnMap":{"0":{"name":"(anonymous_0)","decl":{"start":{"line":35,"column":7},"end":{"line":35,"column":8}},"loc":{"start":{"line":35,"column":19},"end":{"line":41,"column":3}}},"1":{"name":"(anonymous_1)","decl":{"start":{"line":44,"column":7},"end":{"line":44,"column":8}},"loc":{"start":{"line":44,"column":19},"end":{"line":50,"column":3}}}},"branchMap":{},"s":{"0":6,"1":72,"2":6,"3":6,"4":30,"5":6},"f":{"0":72,"1":30},"b":{}}
,"/Users/yi.a.zhuang/Desktop/backup/react-multi-carousel/test/integration/common/responsive.ts": {"path":"/Users/yi.a.zhuang/Desktop/backup/react-multi-carousel/test/integration/common/responsive.ts","statementMap":{"0":{"start":{"line":30,"column":9},"end":{"line":30,"column":20}},"1":{"start":{"line":30,"column":22},"end":{"line":30,"column":33}}},"fnMap":{},"branchMap":{},"s":{"0":5,"1":5},"f":{},"b":{}}
,"/Users/yi.a.zhuang/Desktop/backup/react-multi-carousel/test/integration/components/Arrows.tsx": {"path":"/Users/yi.a.zhuang/Desktop/backup/react-multi-carousel/test/integration/components/Arrows.tsx","statementMap":{"0":{"start":{"line":1,"column":0},"end":{"line":1,"column":31}},"1":{"start":{"line":2,"column":0},"end":{"line":2,"column":46}},"2":{"start":{"line":4,"column":24},"end":{"line":4,"column":null}},"3":{"start":{"line":4,"column":27},"end":{"line":4,"column":34}},"4":{"start":{"line":4,"column":41},"end":{"line":14,"column":2}},"5":{"start":{"line":6,"column":19},"end":{"line":6,"column":null}},"6":{"start":{"line":44,"column":9},"end":{"line":44,"column":24}},"7":{"start":{"line":15,"column":25},"end":{"line":27,"column":1}},"8":{"start":{"line":15,"column":28},"end":{"line":15,"column":35}},"9":{"start":{"line":16,"column":2},"end":{"line":26,"column":4}},"10":{"start":{"line":19,"column":21},"end":{"line":19,"column":null}},"11":{"start":{"line":44,"column":26},"end":{"line":44,"column":42}},"12":{"start":{"line":28,"column":26},"end":{"line":42,"column":1}},"13":{"start":{"line":28,"column":29},"end":{"line":28,"column":33}},"14":{"start":{"line":28,"column":35},"end":{"line":28,"column":43}},"15":{"start":{"line":28,"column":45},"end":{"line":28,"column":54}},"16":{"start":{"line":28,"column":56},"end":{"line":28,"column":69}},"17":{"start":{"line":29,"column":10},"end":{"line":29,"column":20}},"18":{"start":{"line":29,"column":22},"end":{"line":29,"column":34}},"19":{"start":{"line":30,"column":2},"end":{"line":41,"column":4}},"20":{"start":{"line":33,"column":29},"end":{"line":33,"column":64}},"21":{"start":{"line":34,"column":29},"end":{"line":34,"column":56}},"22":{"start":{"line":36,"column":23},"end":{"line":36,"column":null}},"23":{"start":{"line":44,"column":44},"end":{"line":44,"column":61}}},"fnMap":{"0":{"name":"(anonymous_0)","decl":{"start":{"line":4,"column":24},"end":{"line":4,"column":25}},"loc":{"start":{"line":4,"column":36},"end":{"line":4,"column":null}}},"1":{"name":"(anonymous_1)","decl":{"start":{"line":6,"column":13},"end":{"line":6,"column":19}},"loc":{"start":{"line":6,"column":13},"end":{"line":6,"column":26}}},"2":{"name":"(anonymous_2)","decl":{"start":{"line":15,"column":25},"end":{"line":15,"column":26}},"loc":{"start":{"line":15,"column":37},"end":{"line":27,"column":1}}},"3":{"name":"(anonymous_3)","decl":{"start":{"line":19,"column":15},"end":{"line":19,"column":21}},"loc":{"start":{"line":19,"column":15},"end":{"line":19,"column":28}}},"4":{"name":"(anonymous_4)","decl":{"start":{"line":28,"column":26},"end":{"line":28,"column":27}},"loc":{"start":{"line":28,"column":71},"end":{"line":42,"column":1}}},"5":{"name":"(anonymous_5)","decl":{"start":{"line":33,"column":23},"end":{"line":33,"column":29}},"loc":{"start":{"line":33,"column":23},"end":{"line":33,"column":37}}},"6":{"name":"(anonymous_6)","decl":{"start":{"line":34,"column":23},"end":{"line":34,"column":29}},"loc":{"start":{"line":34,"column":23},"end":{"line":34,"column":33}}},"7":{"name":"(anonymous_7)","decl":{"start":{"line":36,"column":17},"end":{"line":36,"column":23}},"loc":{"start":{"line":36,"column":17},"end":{"line":36,"column":32}}}},"branchMap":{},"s":{"0":3,"1":3,"2":3,"3":6,"4":6,"5":0,"6":3,"7":3,"8":12,"9":12,"10":0,"11":3,"12":3,"13":2,"14":2,"15":2,"16":2,"17":2,"18":2,"19":2,"20":0,"21":0,"22":0,"23":3},"f":{"0":6,"1":0,"2":12,"3":0,"4":2,"5":0,"6":0,"7":0},"b":{}}
,"/Users/yi.a.zhuang/Desktop/backup/react-multi-carousel/test/integration/components/Card.tsx": {"path":"/Users/yi.a.zhuang/Desktop/backup/react-multi-carousel/test/integration/components/Card.tsx","statementMap":{"0":{"start":{"line":1,"column":0},"end":{"line":1,"column":31}},"1":{"start":{"line":2,"column":0},"end":{"line":2,"column":54}},"2":{"start":{"line":3,"column":0},"end":{"line":3,"column":42}},"3":{"start":{"line":4,"column":0},"end":{"line":4,"column":62}},"4":{"start":{"line":5,"column":0},"end":{"line":5,"column":56}},"5":{"start":{"line":6,"column":0},"end":{"line":6,"column":56}},"6":{"start":{"line":7,"column":0},"end":{"line":7,"column":52}},"7":{"start":{"line":8,"column":0},"end":{"line":8,"column":46}},"8":{"start":{"line":9,"column":0},"end":{"line":9,"column":54}},"9":{"start":{"line":21,"column":10},"end":{"line":21,"column":17}},"10":{"start":{"line":21,"column":19},"end":{"line":21,"column":24}},"11":{"start":{"line":21,"column":26},"end":{"line":21,"column":34}},"12":{"start":{"line":21,"column":36},"end":{"line":21,"column":47}},"13":{"start":{"line":22,"column":2},"end":{"line":42,"column":4}},"14":{"start":{"line":44,"column":0},"end":{"line":44,"column":45}}},"fnMap":{"0":{"name":"MediaCard","decl":{"start":{"line":20,"column":9},"end":{"line":20,"column":18}},"loc":{"start":{"line":20,"column":24},"end":{"line":43,"column":1}}}},"branchMap":{},"s":{"0":6,"1":6,"2":6,"3":6,"4":6,"5":6,"6":6,"7":6,"8":6,"9":271,"10":271,"11":271,"12":271,"13":271,"14":6},"f":{"0":271},"b":{}}
,"/Users/yi.a.zhuang/Desktop/backup/react-multi-carousel/test/integration/components/CustomDot.tsx": {"path":"/Users/yi.a.zhuang/Desktop/backup/react-multi-carousel/test/integration/components/CustomDot.tsx","statementMap":{"0":{"start":{"line":1,"column":0},"end":{"line":1,"column":31}},"1":{"start":{"line":3,"column":18},"end":{"line":13,"column":1}},"2":{"start":{"line":3,"column":21},"end":{"line":3,"column":28}},"3":{"start":{"line":3,"column":30},"end":{"line":3,"column":36}},"4":{"start":{"line":3,"column":38},"end":{"line":3,"column":43}},"5":{"start":{"line":3,"column":45},"end":{"line":3,"column":58}},"6":{"start":{"line":4,"column":10},"end":{"line":4,"column":22}},"7":{"start":{"line":5,"column":2},"end":{"line":12,"column":4}},"8":{"start":{"line":9,"column":23},"end":{"line":9,"column":null}},"9":{"start":{"line":15,"column":0},"end":{"line":15,"column":25}}},"fnMap":{"0":{"name":"(anonymous_0)","decl":{"start":{"line":3,"column":18},"end":{"line":3,"column":19}},"loc":{"start":{"line":3,"column":60},"end":{"line":13,"column":1}}},"1":{"name":"(anonymous_1)","decl":{"start":{"line":9,"column":17},"end":{"line":9,"column":23}},"loc":{"start":{"line":9,"column":17},"end":{"line":9,"column":30}}}},"branchMap":{"0":{"loc":{"start":{"line":6,"column":38},"end":{"line":6,"column":44}},"type":"cond-expr","locations":[{"start":{"line":6,"column":38},"end":{"line":6,"column":44}},{"start":{"line":6,"column":47},"end":{"line":6,"column":56}}]},"1":{"loc":{"start":{"line":8,"column":38},"end":{"line":8,"column":44}},"type":"cond-expr","locations":[{"start":{"line":8,"column":38},"end":{"line":8,"column":44}},{"start":{"line":8,"column":47},"end":{"line":8,"column":56}}]}},"s":{"0":1,"1":1,"2":24,"3":24,"4":24,"5":24,"6":24,"7":24,"8":0,"9":1},"f":{"0":24,"1":0},"b":{"0":[2,22],"1":[2,22]}}
,"/Users/yi.a.zhuang/Desktop/backup/react-multi-carousel/test/unit/utils.ts": {"path":"/Users/yi.a.zhuang/Desktop/backup/react-multi-carousel/test/unit/utils.ts","statementMap":{"0":{"start":{"line":1,"column":0},"end":{"line":1,"column":null}},"1":{"start":{"line":21,"column":2},"end":{"line":2,"column":null}},"2":{"start":{"line":22,"column":2},"end":{"line":3,"column":null}},"3":{"start":{"line":23,"column":2},"end":{"line":4,"column":null}},"4":{"start":{"line":24,"column":2},"end":{"line":5,"column":null}},"5":{"start":{"line":25,"column":2},"end":{"line":6,"column":null}},"6":{"start":{"line":26,"column":2},"end":{"line":7,"column":null}},"7":{"start":{"line":27,"column":2},"end":{"line":8,"column":null}},"8":{"start":{"line":28,"column":2},"end":{"line":9,"column":null}},"9":{"start":{"line":29,"column":2},"end":{"line":10,"column":null}},"10":{"start":{"line":30,"column":2},"end":{"line":11,"column":null}},"11":{"start":{"line":31,"column":2},"end":{"line":12,"column":null}},"12":{"start":{"line":32,"column":2},"end":{"line":13,"column":null}},"13":{"start":{"line":33,"column":2},"end":{"line":14,"column":null}},"14":{"start":{"line":34,"column":2},"end":{"line":15,"column":null}},"15":{"start":{"line":35,"column":2},"end":{"line":16,"column":null}},"16":{"start":{"line":36,"column":2},"end":{"line":17,"column":null}}},"fnMap":{},"branchMap":{},"s":{"0":6,"1":6,"2":6,"3":6,"4":6,"5":6,"6":6,"7":6,"8":6,"9":6,"10":6,"11":6,"12":6,"13":6,"14":6,"15":6,"16":6},"f":{},"b":{}}
}
