{"/Users/yi.a.zhuang/Desktop/projects/react-multi-carousel/test/integration/components/CustomDot.tsx": {"path":"/Users/yi.a.zhuang/Desktop/projects/react-multi-carousel/test/integration/components/CustomDot.tsx","statementMap":{"0":{"start":{"line":1,"column":0},"end":{"line":1,"column":31}},"1":{"start":{"line":3,"column":18},"end":{"line":16,"column":1}},"2":{"start":{"line":3,"column":21},"end":{"line":3,"column":28}},"3":{"start":{"line":3,"column":30},"end":{"line":3,"column":36}},"4":{"start":{"line":3,"column":38},"end":{"line":3,"column":43}},"5":{"start":{"line":3,"column":45},"end":{"line":3,"column":58}},"6":{"start":{"line":4,"column":10},"end":{"line":4,"column":22}},"7":{"start":{"line":5,"column":2},"end":{"line":15,"column":4}},"8":{"start":{"line":12,"column":23},"end":{"line":12,"column":null}},"9":{"start":{"line":18,"column":0},"end":{"line":18,"column":25}}},"fnMap":{"0":{"name":"(anonymous_0)","decl":{"start":{"line":3,"column":18},"end":{"line":3,"column":19}},"loc":{"start":{"line":3,"column":60},"end":{"line":16,"column":1}}},"1":{"name":"(anonymous_1)","decl":{"start":{"line":12,"column":17},"end":{"line":12,"column":23}},"loc":{"start":{"line":12,"column":17},"end":{"line":12,"column":30}}}},"branchMap":{"0":{"loc":{"start":{"line":8,"column":36},"end":{"line":8,"column":42}},"type":"cond-expr","locations":[{"start":{"line":8,"column":36},"end":{"line":8,"column":42}},{"start":{"line":8,"column":45},"end":{"line":8,"column":54}}]},"1":{"loc":{"start":{"line":11,"column":38},"end":{"line":11,"column":44}},"type":"cond-expr","locations":[{"start":{"line":11,"column":38},"end":{"line":11,"column":44}},{"start":{"line":11,"column":47},"end":{"line":11,"column":56}}]}},"s":{"0":1,"1":1,"2":46,"3":46,"4":46,"5":46,"6":46,"7":46,"8":0,"9":1},"f":{"0":46,"1":0},"b":{"0":[4,42],"1":[4,42]}}
}
