TN:
SF:/Users/yi.a.zhuang/Desktop/backup/react-multi-carousel/src/Carousel.tsx
FN:27,(anonymous_0)
FN:54,(anonymous_1)
FN:66,(anonymous_2)
FN:68,(anonymous_3)
FN:77,(anonymous_4)
FN:95,(anonymous_5)
FN:103,(anonymous_6)
FN:106,(anonymous_7)
FN:115,(anonymous_8)
FN:130,(anonymous_9)
FN:136,(anonymous_10)
FN:138,(anonymous_11)
FN:144,(anonymous_12)
FN:167,(anonymous_13)
FN:169,(anonymous_14)
FN:190,(anonymous_15)
FN:192,(anonymous_16)
FN:204,(anonymous_17)
FN:221,(anonymous_18)
FN:223,(anonymous_19)
FN:239,(anonymous_20)
FN:241,(anonymous_21)
FN:259,(anonymous_22)
FN:261,(anonymous_23)
FN:270,(anonymous_24)
FN:280,(anonymous_25)
FN:286,(anonymous_26)
FN:299,(anonymous_27)
FN:344,(anonymous_28)
FN:386,(anonymous_29)
FN:394,(anonymous_30)
FN:401,(anonymous_31)
FN:413,(anonymous_32)
FN:415,(anonymous_33)
FN:422,(anonymous_34)
FN:429,(anonymous_35)
FN:433,(anonymous_36)
FN:440,(anonymous_37)
FN:445,(anonymous_38)
FN:449,(anonymous_39)
FN:456,(anonymous_40)
FN:462,(anonymous_41)
FN:468,(anonymous_42)
FN:472,(anonymous_43)
FN:485,(anonymous_44)
FN:493,(anonymous_45)
FN:556,(anonymous_46)
FNF:47
FNH:28
FNDA:7,(anonymous_0)
FNDA:7,(anonymous_1)
FNDA:28,(anonymous_2)
FNDA:84,(anonymous_3)
FNDA:34,(anonymous_4)
FNDA:0,(anonymous_5)
FNDA:21,(anonymous_6)
FNDA:93,(anonymous_7)
FNDA:0,(anonymous_8)
FNDA:5,(anonymous_9)
FNDA:5,(anonymous_10)
FNDA:0,(anonymous_11)
FNDA:20,(anonymous_12)
FNDA:13,(anonymous_13)
FNDA:0,(anonymous_14)
FNDA:2,(anonymous_15)
FNDA:0,(anonymous_16)
FNDA:16,(anonymous_17)
FNDA:10,(anonymous_18)
FNDA:0,(anonymous_19)
FNDA:2,(anonymous_20)
FNDA:0,(anonymous_21)
FNDA:4,(anonymous_22)
FNDA:0,(anonymous_23)
FNDA:3,(anonymous_24)
FNDA:22,(anonymous_25)
FNDA:23,(anonymous_26)
FNDA:23,(anonymous_27)
FNDA:23,(anonymous_28)
FNDA:0,(anonymous_29)
FNDA:0,(anonymous_30)
FNDA:0,(anonymous_31)
FNDA:0,(anonymous_32)
FNDA:0,(anonymous_33)
FNDA:1356,(anonymous_34)
FNDA:100,(anonymous_35)
FNDA:8,(anonymous_36)
FNDA:0,(anonymous_37)
FNDA:100,(anonymous_38)
FNDA:6,(anonymous_39)
FNDA:0,(anonymous_40)
FNDA:0,(anonymous_41)
FNDA:0,(anonymous_42)
FNDA:0,(anonymous_43)
FNDA:0,(anonymous_44)
FNDA:100,(anonymous_45)
FNDA:1160,(anonymous_46)
DA:1,1
DA:3,1
DA:6,1
DA:7,1
DA:9,1
DA:28,7
DA:29,7
DA:30,7
DA:40,7
DA:41,7
DA:42,7
DA:43,7
DA:44,7
DA:45,7
DA:46,7
DA:47,7
DA:48,7
DA:49,7
DA:50,7
DA:51,7
DA:52,7
DA:55,7
DA:56,7
DA:57,7
DA:58,7
DA:60,7
DA:63,0
DA:67,28
DA:68,28
DA:69,84
DA:70,84
DA:72,34
DA:73,34
DA:82,34
DA:83,34
DA:86,34
DA:91,0
DA:97,0
DA:99,0
DA:104,21
DA:115,0
DA:116,0
DA:120,0
DA:123,0
DA:124,0
DA:127,0
DA:131,5
DA:132,5
DA:134,0
DA:136,5
DA:138,0
DA:139,0
DA:145,20
DA:146,20
DA:147,20
DA:149,20
DA:155,20
DA:156,20
DA:157,20
DA:160,0
DA:162,13
DA:169,0
DA:170,0
DA:180,2
DA:181,2
DA:183,0
DA:185,2
DA:192,0
DA:193,0
DA:200,5
DA:205,16
DA:206,16
DA:207,16
DA:209,16
DA:210,16
DA:211,16
DA:214,0
DA:216,10
DA:223,0
DA:224,0
DA:232,0
DA:234,2
DA:241,0
DA:242,0
DA:248,4
DA:249,4
DA:252,0
DA:254,4
DA:261,0
DA:262,0
DA:271,3
DA:273,3
DA:276,0
DA:277,0
DA:281,22
DA:282,22
DA:283,22
DA:284,22
DA:291,1
DA:293,22
DA:294,22
DA:295,22
DA:296,22
DA:297,22
DA:304,1
DA:306,22
DA:308,0
DA:309,0
DA:313,14
DA:314,14
DA:321,14
DA:323,14
DA:329,12
DA:333,8
DA:335,8
DA:336,8
DA:338,6
DA:341,22
DA:346,0
DA:349,23
DA:351,23
DA:354,1
DA:358,14
DA:365,14
DA:367,0
DA:371,8
DA:378,8
DA:380,0
DA:383,22
DA:389,0
DA:391,0
DA:396,0
DA:397,0
DA:402,0
DA:403,0
DA:404,0
DA:406,0
DA:408,0
DA:415,0
DA:416,0
DA:423,1356
DA:430,100
DA:432,98
DA:433,8
DA:437,2
DA:440,0
DA:446,100
DA:448,98
DA:449,6
DA:453,2
DA:456,0
DA:463,0
DA:464,0
DA:470,0
DA:472,0
DA:476,0
DA:485,0
DA:494,100
DA:508,100
DA:511,100
DA:513,0
DA:516,100
DA:517,100
DA:518,100
DA:523,100
DA:530,100
DA:531,100
DA:532,100
DA:557,1160
DA:582,1
LF:170
LH:115
BRDA:62,0,0,7
BRDA:62,0,1,0
BRDA:71,1,0,84
BRDA:71,1,1,75
BRDA:81,2,0,34
BRDA:81,2,1,34
BRDA:111,3,0,93
BRDA:111,3,1,93
BRDA:111,3,2,93
BRDA:117,4,0,0
BRDA:117,4,1,0
BRDA:119,5,0,93
BRDA:119,5,1,93
BRDA:122,6,0,93
BRDA:122,6,1,0
BRDA:122,6,2,0
BRDA:126,7,0,93
BRDA:126,7,1,93
BRDA:126,7,2,0
BRDA:140,8,0,0
BRDA:140,8,1,0
BRDA:144,9,0,6
BRDA:171,10,0,0
BRDA:171,10,1,0
BRDA:176,11,0,7
BRDA:176,11,1,7
BRDA:194,12,0,0
BRDA:194,12,1,0
BRDA:204,13,0,8
BRDA:225,14,0,0
BRDA:225,14,1,0
BRDA:229,15,0,6
BRDA:229,15,1,6
BRDA:243,16,0,0
BRDA:243,16,1,0
BRDA:263,17,0,0
BRDA:263,17,1,0
BRDA:275,18,0,3
BRDA:275,18,1,0
BRDA:288,19,0,23
BRDA:288,19,1,0
BRDA:288,19,2,23
BRDA:288,19,3,23
BRDA:288,19,4,23
BRDA:293,20,0,0
BRDA:293,20,1,22
BRDA:301,21,0,23
BRDA:301,21,1,0
BRDA:301,21,2,23
BRDA:301,21,3,23
BRDA:301,21,4,23
BRDA:306,22,0,0
BRDA:306,22,1,22
BRDA:307,23,0,22
BRDA:307,23,1,0
BRDA:307,23,2,0
BRDA:326,24,0,14
BRDA:326,24,1,6
BRDA:326,24,2,4
BRDA:337,25,0,8
BRDA:337,25,1,4
BRDA:337,25,2,2
BRDA:345,26,0,23
BRDA:345,26,1,0
BRDA:349,27,0,23
BRDA:349,27,1,11
BRDA:351,28,0,23
BRDA:351,28,1,23
BRDA:351,28,2,12
BRDA:353,29,0,23
BRDA:353,29,1,23
BRDA:388,30,0,0
BRDA:388,30,1,0
BRDA:395,31,0,0
BRDA:395,31,1,0
BRDA:417,32,0,0
BRDA:417,32,1,0
BRDA:481,33,0,0
BRDA:481,33,1,0
BRDA:511,34,0,100
BRDA:511,34,1,93
BRDA:511,34,2,93
BRDA:511,34,3,0
BRDA:512,35,0,100
BRDA:512,35,1,98
BRDA:512,35,2,0
BRDA:516,36,0,100
BRDA:516,36,1,98
BRDA:516,36,2,0
BRDA:516,36,3,0
BRDA:523,37,0,100
BRDA:523,37,1,100
BRDA:525,38,0,100
BRDA:525,38,1,0
BRDA:525,38,2,0
BRDA:525,38,3,0
BRDA:525,38,4,0
BRDA:530,39,0,100
BRDA:530,39,1,0
BRDA:531,40,0,100
BRDA:531,40,1,0
BRDA:542,41,0,82
BRDA:542,41,1,18
BRDA:542,42,0,82
BRDA:542,42,1,82
BRDA:544,43,0,0
BRDA:544,43,1,100
BRDA:560,44,0,0
BRDA:560,44,1,1160
BRDA:561,45,0,0
BRDA:561,45,1,1160
BRDA:568,46,0,1160
BRDA:568,46,1,932
BRDA:575,47,0,100
BRDA:575,47,1,100
BRDA:575,47,2,100
BRDA:576,48,0,100
BRDA:576,48,1,100
BRDA:576,48,2,100
BRDA:577,49,0,100
BRDA:577,49,1,0
BRF:121
BRH:73
end_of_record
TN:
SF:/Users/yi.a.zhuang/Desktop/backup/react-multi-carousel/src/utils.ts
FN:3,guessWidthFromDeviceType
FNF:1
FNH:0
FNDA:0,guessWidthFromDeviceType
DA:9,0
DA:10,0
DA:12,0
DA:14,1
LF:4
LH:1
BRF:0
BRH:0
end_of_record
TN:
SF:/Users/yi.a.zhuang/Desktop/backup/react-multi-carousel/test/Arrows.tsx
FN:4,(anonymous_0)
FN:6,(anonymous_1)
FN:15,(anonymous_2)
FN:19,(anonymous_3)
FNF:4
FNH:4
FNDA:98,(anonymous_0)
FNDA:8,(anonymous_1)
FNDA:98,(anonymous_2)
FNDA:6,(anonymous_3)
DA:1,1
DA:2,1
DA:4,1
DA:5,98
DA:6,8
DA:15,1
DA:16,98
DA:19,6
DA:29,1
LF:9
LH:9
BRF:0
BRH:0
end_of_record
TN:
SF:/Users/yi.a.zhuang/Desktop/backup/react-multi-carousel/test/Card.tsx
FN:20,MediaCard
FNF:1
FNH:1
FNDA:1152,MediaCard
DA:1,1
DA:2,1
DA:3,1
DA:4,1
DA:5,1
DA:6,1
DA:7,1
DA:8,1
DA:9,1
DA:21,1152
DA:22,1152
DA:44,1
LF:12
LH:12
BRF:0
BRH:0
end_of_record
TN:
SF:/Users/yi.a.zhuang/Desktop/backup/react-multi-carousel/test/fakeData.tsx
FN:6,(anonymous_0)
FNF:1
FNH:1
FNDA:12,(anonymous_0)
DA:4,1
DA:7,12
DA:13,1
LF:3
LH:3
BRF:0
BRH:0
end_of_record
