TN:
SF:/Users/yi.a.zhuang/Desktop/backup/react-multi-carousel/lib/Arrows.js
FN:4,(anonymous_0)
FN:8,(anonymous_1)
FN:12,(anonymous_2)
FN:15,(anonymous_3)
FN:19,(anonymous_4)
FN:23,(anonymous_5)
FNF:6
FNH:2
FNDA:36,(anonymous_0)
FNDA:0,(anonymous_1)
FNDA:0,(anonymous_2)
FNDA:44,(anonymous_3)
FNDA:0,(anonymous_4)
FNDA:0,(anonymous_5)
DA:2,6
DA:3,6
DA:4,6
DA:5,36
DA:6,36
DA:7,6
DA:8,0
DA:12,30
DA:14,6
DA:15,6
DA:16,44
DA:17,44
DA:18,12
DA:19,0
DA:23,32
DA:25,6
LF:16
LH:14
BRDA:6,0,0,6
BRDA:6,0,1,30
BRDA:17,1,0,12
BRDA:17,1,1,32
BRF:4
BRH:4
end_of_record
TN:
SF:/Users/yi.a.zhuang/Desktop/backup/react-multi-carousel/lib/Carousel.js
FN:2,(anonymous_0)
FN:3,(anonymous_1)
FN:5,(anonymous_2)
FN:6,(anonymous_3)
FN:9,(anonymous_4)
FN:11,__
FN:15,(anonymous_6)
FN:16,(anonymous_7)
FN:34,(anonymous_8)
FN:36,Carousel
FN:70,(anonymous_10)
FN:74,(anonymous_11)
FN:89,(anonymous_12)
FN:98,(anonymous_13)
FN:102,(anonymous_14)
FN:105,(anonymous_15)
FN:115,(anonymous_16)
FN:123,(anonymous_17)
FN:133,(anonymous_18)
FN:148,(anonymous_19)
FN:167,(anonymous_20)
FN:175,(anonymous_21)
FN:194,(anonymous_22)
FN:207,(anonymous_23)
FN:216,(anonymous_24)
FN:241,(anonymous_25)
FN:244,(anonymous_26)
FN:264,(anonymous_27)
FN:267,(anonymous_28)
FN:277,(anonymous_29)
FN:297,(anonymous_30)
FN:300,(anonymous_31)
FN:318,(anonymous_32)
FN:321,(anonymous_33)
FN:331,(anonymous_34)
FN:341,(anonymous_35)
FN:347,(anonymous_36)
FN:359,(anonymous_37)
FN:399,(anonymous_38)
FN:433,(anonymous_39)
FN:441,(anonymous_40)
FN:447,(anonymous_41)
FN:462,(anonymous_42)
FN:467,(anonymous_43)
FN:473,(anonymous_44)
FN:476,(anonymous_45)
FN:479,(anonymous_46)
FN:481,(anonymous_47)
FN:484,(anonymous_48)
FN:486,(anonymous_49)
FN:491,(anonymous_50)
FN:492,(anonymous_51)
FN:493,(anonymous_52)
FN:499,(anonymous_53)
FN:501,(anonymous_54)
FN:503,(anonymous_55)
FN:506,(anonymous_56)
FNF:57
FNH:36
FNDA:6,(anonymous_0)
FNDA:6,(anonymous_1)
FNDA:0,(anonymous_2)
FNDA:0,(anonymous_3)
FNDA:6,(anonymous_4)
FNDA:6,__
FNDA:4,(anonymous_6)
FNDA:0,(anonymous_7)
FNDA:6,(anonymous_8)
FNDA:9,Carousel
FNDA:1,(anonymous_10)
FNDA:9,(anonymous_11)
FNDA:26,(anonymous_12)
FNDA:26,(anonymous_13)
FNDA:21,(anonymous_14)
FNDA:63,(anonymous_15)
FNDA:39,(anonymous_16)
FNDA:39,(anonymous_17)
FNDA:28,(anonymous_18)
FNDA:12,(anonymous_19)
FNDA:37,(anonymous_20)
FNDA:0,(anonymous_21)
FNDA:28,(anonymous_22)
FNDA:0,(anonymous_23)
FNDA:1,(anonymous_24)
FNDA:1,(anonymous_25)
FNDA:0,(anonymous_26)
FNDA:0,(anonymous_27)
FNDA:0,(anonymous_28)
FNDA:0,(anonymous_29)
FNDA:0,(anonymous_30)
FNDA:0,(anonymous_31)
FNDA:0,(anonymous_32)
FNDA:0,(anonymous_33)
FNDA:9,(anonymous_34)
FNDA:1,(anonymous_35)
FNDA:11,(anonymous_36)
FNDA:11,(anonymous_37)
FNDA:11,(anonymous_38)
FNDA:0,(anonymous_39)
FNDA:0,(anonymous_40)
FNDA:0,(anonymous_41)
FNDA:0,(anonymous_42)
FNDA:0,(anonymous_43)
FNDA:44,(anonymous_44)
FNDA:36,(anonymous_45)
FNDA:6,(anonymous_46)
FNDA:44,(anonymous_47)
FNDA:12,(anonymous_48)
FNDA:46,(anonymous_49)
FNDA:0,(anonymous_50)
FNDA:0,(anonymous_51)
FNDA:0,(anonymous_52)
FNDA:46,(anonymous_53)
FNDA:24,(anonymous_54)
FNDA:46,(anonymous_55)
FNDA:46,(anonymous_56)
DA:2,6
DA:3,6
DA:4,6
DA:5,0
DA:6,0
DA:7,6
DA:9,6
DA:10,6
DA:11,6
DA:12,6
DA:15,6
DA:16,4
DA:17,0
DA:18,0
DA:19,0
DA:20,0
DA:22,0
DA:24,4
DA:26,6
DA:27,6
DA:28,6
DA:29,6
DA:30,6
DA:31,6
DA:32,6
DA:33,6
DA:34,6
DA:35,6
DA:37,9
DA:38,9
DA:39,9
DA:51,9
DA:52,9
DA:53,9
DA:54,9
DA:55,9
DA:56,9
DA:57,9
DA:58,9
DA:59,9
DA:60,9
DA:61,9
DA:62,9
DA:63,9
DA:64,9
DA:65,9
DA:66,9
DA:67,9
DA:68,9
DA:70,6
DA:71,1
DA:72,1
DA:74,6
DA:75,9
DA:76,9
DA:77,9
DA:78,9
DA:79,9
DA:80,9
DA:82,9
DA:83,0
DA:89,6
DA:90,26
DA:91,26
DA:92,26
DA:93,26
DA:94,26
DA:99,26
DA:102,6
DA:103,21
DA:104,21
DA:105,21
DA:106,63
DA:107,63
DA:108,63
DA:109,39
DA:110,39
DA:115,6
DA:116,39
DA:117,39
DA:118,39
DA:119,39
DA:120,39
DA:124,39
DA:125,26
DA:128,39
DA:129,2
DA:133,6
DA:138,28
DA:139,0
DA:141,28
DA:142,0
DA:144,28
DA:148,6
DA:152,12
DA:154,12
DA:155,4
DA:158,8
DA:159,6
DA:162,2
DA:165,12
DA:167,6
DA:168,37
DA:169,37
DA:170,37
DA:171,37
DA:175,0
DA:176,0
DA:179,37
DA:180,0
DA:182,37
DA:183,0
DA:184,0
DA:186,37
DA:187,0
DA:189,37
DA:191,28
DA:194,6
DA:195,28
DA:196,28
DA:197,28
DA:198,28
DA:199,28
DA:205,0
DA:206,0
DA:207,0
DA:208,0
DA:216,6
DA:217,1
DA:218,1
DA:219,1
DA:220,1
DA:221,1
DA:226,1
DA:229,1
DA:230,1
DA:231,1
DA:233,1
DA:234,0
DA:236,1
DA:237,1
DA:242,1
DA:243,1
DA:244,0
DA:245,0
DA:250,0
DA:254,0
DA:255,0
DA:256,0
DA:257,0
DA:259,0
DA:260,0
DA:265,0
DA:266,0
DA:267,0
DA:268,0
DA:274,0
DA:277,6
DA:278,0
DA:279,0
DA:280,0
DA:281,0
DA:282,0
DA:285,0
DA:286,0
DA:287,0
DA:289,0
DA:290,0
DA:292,0
DA:293,0
DA:298,0
DA:299,0
DA:300,0
DA:301,0
DA:306,0
DA:310,0
DA:311,0
DA:313,0
DA:314,0
DA:319,0
DA:320,0
DA:321,0
DA:322,0
DA:328,0
DA:331,6
DA:332,9
DA:333,9
DA:334,9
DA:336,9
DA:337,0
DA:338,0
DA:341,6
DA:342,1
DA:343,1
DA:344,1
DA:345,1
DA:347,6
DA:348,11
DA:351,10
DA:353,1
DA:354,1
DA:355,1
DA:356,1
DA:357,1
DA:359,6
DA:360,11
DA:362,0
DA:364,11
DA:365,11
DA:366,0
DA:367,0
DA:369,11
DA:371,1
DA:373,1
DA:374,1
DA:376,1
DA:377,1
DA:379,1
DA:380,1
DA:382,1
DA:384,1
DA:387,1
DA:389,0
DA:390,0
DA:391,0
DA:392,0
DA:393,0
DA:396,1
DA:399,6
DA:400,11
DA:401,0
DA:403,11
DA:404,11
DA:406,11
DA:407,0
DA:409,11
DA:410,1
DA:411,1
DA:412,1
DA:414,1
DA:417,0
DA:420,1
DA:421,0
DA:422,0
DA:424,0
DA:427,0
DA:430,1
DA:433,6
DA:434,0
DA:436,0
DA:438,0
DA:441,6
DA:442,0
DA:443,0
DA:444,0
DA:447,6
DA:448,0
DA:449,0
DA:450,0
DA:452,0
DA:453,0
DA:454,0
DA:455,0
DA:456,0
DA:458,0
DA:459,0
DA:463,0
DA:464,0
DA:466,0
DA:467,0
DA:468,0
DA:473,6
DA:474,44
DA:476,6
DA:477,36
DA:478,36
DA:479,36
DA:481,6
DA:482,44
DA:483,44
DA:484,44
DA:486,6
DA:487,46
DA:488,46
DA:489,46
DA:490,2
DA:491,0
DA:492,0
DA:493,0
DA:497,44
DA:499,6
DA:500,46
DA:501,46
DA:503,6
DA:504,46
DA:506,6
DA:507,46
DA:508,46
DA:509,46
DA:510,46
DA:511,46
DA:513,46
DA:518,46
DA:519,46
DA:521,46
DA:531,46
DA:546,6
DA:562,6
DA:564,6
LF:309
LH:207
BRDA:2,0,0,6
BRDA:2,0,1,6
BRDA:2,0,2,6
BRDA:4,1,0,6
BRDA:4,1,1,0
BRDA:4,1,2,0
BRDA:4,1,3,0
BRDA:6,2,0,0
BRDA:6,2,1,0
BRDA:12,3,0,0
BRDA:12,3,1,6
BRDA:15,4,0,6
BRDA:15,4,1,6
BRDA:15,4,2,6
BRDA:16,5,0,4
BRDA:16,5,1,0
BRDA:19,6,0,0
BRDA:19,6,1,0
BRDA:37,7,0,9
BRDA:37,7,1,9
BRDA:59,8,0,9
BRDA:59,8,1,9
BRDA:60,9,0,9
BRDA:60,9,1,9
BRDA:61,10,0,9
BRDA:61,10,1,9
BRDA:71,11,0,0
BRDA:71,11,1,1
BRDA:79,12,0,9
BRDA:79,12,1,0
BRDA:82,13,0,0
BRDA:82,13,1,9
BRDA:82,14,0,9
BRDA:82,14,1,0
BRDA:97,15,0,2
BRDA:97,15,1,24
BRDA:99,16,0,26
BRDA:99,16,1,26
BRDA:108,17,0,39
BRDA:108,17,1,24
BRDA:108,18,0,63
BRDA:108,18,1,60
BRDA:117,19,0,39
BRDA:117,19,1,0
BRDA:117,20,0,39
BRDA:117,20,1,39
BRDA:124,21,0,26
BRDA:124,21,1,13
BRDA:128,22,0,2
BRDA:128,22,1,37
BRDA:138,23,0,0
BRDA:138,23,1,28
BRDA:141,24,0,0
BRDA:141,24,1,28
BRDA:141,25,0,28
BRDA:141,25,1,28
BRDA:154,26,0,4
BRDA:154,26,1,8
BRDA:158,27,0,6
BRDA:158,27,1,2
BRDA:158,28,0,8
BRDA:158,28,1,6
BRDA:171,29,0,0
BRDA:171,29,1,37
BRDA:171,30,0,37
BRDA:171,30,1,37
BRDA:171,30,2,37
BRDA:177,31,0,0
BRDA:177,31,1,0
BRDA:179,32,0,0
BRDA:179,32,1,37
BRDA:179,33,0,37
BRDA:179,33,1,37
BRDA:182,34,0,0
BRDA:182,34,1,37
BRDA:182,35,0,37
BRDA:182,35,1,0
BRDA:182,35,2,0
BRDA:186,36,0,0
BRDA:186,36,1,37
BRDA:186,37,0,37
BRDA:186,37,1,37
BRDA:186,37,2,0
BRDA:189,38,0,28
BRDA:189,38,1,9
BRDA:199,39,0,0
BRDA:199,39,1,28
BRDA:201,40,0,28
BRDA:201,40,1,28
BRDA:201,40,2,22
BRDA:201,40,3,0
BRDA:205,41,0,0
BRDA:205,41,1,0
BRDA:205,42,0,0
BRDA:205,42,1,0
BRDA:212,43,0,0
BRDA:212,43,1,0
BRDA:218,44,0,0
BRDA:218,44,1,1
BRDA:225,45,0,1
BRDA:225,45,1,0
BRDA:228,46,0,1
BRDA:228,46,1,0
BRDA:231,47,0,1
BRDA:231,47,1,0
BRDA:233,48,0,0
BRDA:233,48,1,1
BRDA:243,49,0,0
BRDA:243,49,1,1
BRDA:246,50,0,0
BRDA:246,50,1,0
BRDA:250,51,0,0
BRDA:250,51,1,0
BRDA:250,52,0,0
BRDA:250,52,1,0
BRDA:256,53,0,0
BRDA:256,53,1,0
BRDA:266,54,0,0
BRDA:266,54,1,0
BRDA:269,55,0,0
BRDA:269,55,1,0
BRDA:279,56,0,0
BRDA:279,56,1,0
BRDA:284,57,0,0
BRDA:284,57,1,0
BRDA:287,58,0,0
BRDA:287,58,1,0
BRDA:289,59,0,0
BRDA:289,59,1,0
BRDA:299,60,0,0
BRDA:299,60,1,0
BRDA:302,61,0,0
BRDA:302,61,1,0
BRDA:306,62,0,0
BRDA:306,62,1,0
BRDA:306,63,0,0
BRDA:306,63,1,0
BRDA:310,64,0,0
BRDA:310,64,1,0
BRDA:320,65,0,0
BRDA:320,65,1,0
BRDA:323,66,0,0
BRDA:323,66,1,0
BRDA:333,67,0,9
BRDA:333,67,1,0
BRDA:336,68,0,0
BRDA:336,68,1,9
BRDA:336,69,0,9
BRDA:336,69,1,0
BRDA:348,70,0,10
BRDA:348,70,1,1
BRDA:348,71,0,11
BRDA:348,71,1,0
BRDA:348,71,2,11
BRDA:348,71,3,11
BRDA:348,71,4,11
BRDA:348,71,5,11
BRDA:353,72,0,0
BRDA:353,72,1,1
BRDA:360,73,0,0
BRDA:360,73,1,11
BRDA:360,74,0,11
BRDA:360,74,1,0
BRDA:360,74,2,11
BRDA:360,74,3,11
BRDA:360,74,4,11
BRDA:364,75,0,0
BRDA:364,75,1,11
BRDA:365,76,0,0
BRDA:365,76,1,11
BRDA:365,77,0,11
BRDA:365,77,1,0
BRDA:365,77,2,0
BRDA:369,78,0,1
BRDA:369,78,1,10
BRDA:374,79,0,1
BRDA:374,79,1,0
BRDA:374,80,0,1
BRDA:374,80,1,1
BRDA:382,81,0,1
BRDA:382,81,1,0
BRDA:382,82,0,1
BRDA:382,82,1,0
BRDA:382,82,2,0
BRDA:387,83,0,0
BRDA:387,83,1,1
BRDA:387,84,0,1
BRDA:387,84,1,0
BRDA:392,85,0,0
BRDA:392,85,1,0
BRDA:392,86,0,0
BRDA:392,86,1,0
BRDA:392,86,2,0
BRDA:400,87,0,0
BRDA:400,87,1,11
BRDA:400,88,0,11
BRDA:400,88,1,0
BRDA:403,89,0,11
BRDA:403,89,1,0
BRDA:404,90,0,11
BRDA:404,90,1,11
BRDA:404,90,2,11
BRDA:406,91,0,0
BRDA:406,91,1,11
BRDA:406,92,0,11
BRDA:406,92,1,11
BRDA:409,93,0,1
BRDA:409,93,1,10
BRDA:410,94,0,1
BRDA:410,94,1,0
BRDA:412,95,0,1
BRDA:412,95,1,0
BRDA:420,96,0,0
BRDA:420,96,1,1
BRDA:422,97,0,0
BRDA:422,97,1,0
BRDA:434,98,0,0
BRDA:434,98,1,0
BRDA:442,99,0,0
BRDA:442,99,1,0
BRDA:442,100,0,0
BRDA:442,100,1,0
BRDA:449,101,0,0
BRDA:449,101,1,0
BRDA:455,102,0,0
BRDA:455,102,1,0
BRDA:463,103,0,0
BRDA:463,103,1,0
BRDA:466,104,0,0
BRDA:466,104,1,0
BRDA:469,105,0,0
BRDA:469,105,1,0
BRDA:489,106,0,2
BRDA:489,106,1,44
BRDA:513,107,0,46
BRDA:513,107,1,44
BRDA:514,108,0,44
BRDA:514,108,1,0
BRDA:514,108,2,0
BRDA:514,108,3,0
BRDA:514,108,4,0
BRDA:518,109,0,46
BRDA:518,109,1,12
BRDA:519,110,0,46
BRDA:519,110,1,12
BRDA:521,111,0,0
BRDA:521,111,1,46
BRDA:521,112,0,46
BRDA:521,112,1,0
BRDA:522,113,0,0
BRDA:522,113,1,0
BRDA:527,114,0,0
BRDA:527,114,1,0
BRDA:535,115,0,2
BRDA:535,115,1,44
BRDA:536,116,0,2
BRDA:536,116,1,2
BRDA:538,117,0,0
BRDA:538,117,1,46
BRDA:541,118,0,46
BRDA:541,118,1,44
BRDA:541,118,2,36
BRDA:542,119,0,46
BRDA:542,119,1,44
BRDA:542,119,2,44
BRF:265
BRH:134
end_of_record
TN:
SF:/Users/yi.a.zhuang/Desktop/backup/react-multi-carousel/lib/CarouselItems.js
FN:5,(anonymous_0)
FN:11,(anonymous_1)
FN:11,(anonymous_2)
FN:25,(anonymous_3)
FN:25,(anonymous_4)
FNF:5
FNH:3
FNDA:46,(anonymous_0)
FNDA:600,(anonymous_1)
FNDA:0,(anonymous_2)
FNDA:144,(anonymous_3)
FNDA:0,(anonymous_4)
DA:2,6
DA:3,6
DA:4,6
DA:5,6
DA:6,46
DA:7,46
DA:8,46
DA:9,46
DA:10,46
DA:11,600
DA:12,0
DA:13,0
DA:25,144
DA:26,0
DA:27,0
DA:39,6
LF:16
LH:12
BRDA:10,0,0,34
BRDA:10,0,1,12
BRDA:12,1,0,0
BRDA:12,1,1,0
BRDA:15,2,0,74
BRDA:15,2,1,526
BRDA:16,3,0,0
BRDA:16,3,1,600
BRDA:18,4,0,0
BRDA:18,4,1,600
BRDA:19,5,0,0
BRDA:19,5,1,0
BRDA:19,6,0,0
BRDA:19,6,1,0
BRDA:26,7,0,0
BRDA:26,7,1,0
BRDA:29,8,0,26
BRDA:29,8,1,118
BRDA:30,9,0,0
BRDA:30,9,1,144
BRDA:32,10,0,0
BRDA:32,10,1,144
BRDA:33,11,0,0
BRDA:33,11,1,0
BRDA:33,12,0,0
BRDA:33,12,1,0
BRF:26
BRH:10
end_of_record
TN:
SF:/Users/yi.a.zhuang/Desktop/backup/react-multi-carousel/lib/Dots.js
FN:5,(anonymous_0)
FN:15,(anonymous_1)
FN:40,(anonymous_2)
FN:45,(anonymous_3)
FNF:4
FNH:2
FNDA:46,(anonymous_0)
FNDA:72,(anonymous_1)
FNDA:0,(anonymous_2)
FNDA:0,(anonymous_3)
DA:2,6
DA:3,6
DA:4,6
DA:5,6
DA:6,46
DA:7,46
DA:8,46
DA:9,40
DA:11,6
DA:12,6
DA:13,6
DA:16,72
DA:19,72
DA:24,72
DA:29,72
DA:34,0
DA:36,72
DA:37,24
DA:40,0
DA:44,48
DA:45,0
DA:48,6
LF:22
LH:19
BRDA:8,0,0,40
BRDA:8,0,1,6
BRDA:16,1,0,48
BRDA:16,1,1,24
BRDA:19,2,0,48
BRDA:19,2,1,24
BRDA:24,3,0,72
BRDA:24,3,1,0
BRDA:30,4,0,72
BRDA:30,4,1,71
BRDA:36,5,0,24
BRDA:36,5,1,48
BRDA:44,6,0,4
BRDA:44,6,1,44
BRF:14
BRH:13
end_of_record
TN:
SF:/Users/yi.a.zhuang/Desktop/backup/react-multi-carousel/lib/utils/clones.js
FN:10,getOriginalCounterPart
FN:36,getCloneCounterPart
FN:78,getClones
FN:101,whenEnteredClones
FNF:4
FNH:4
FNDA:48,getOriginalCounterPart
FNDA:48,getCloneCounterPart
FNDA:26,getClones
FNDA:28,whenEnteredClones
DA:2,6
DA:11,48
DA:13,48
DA:14,48
DA:15,48
DA:18,0
DA:19,0
DA:22,0
DA:26,6
DA:37,48
DA:39,48
DA:40,48
DA:54,4
DA:56,44
DA:57,44
DA:60,0
DA:66,0
DA:68,0
DA:71,6
DA:81,26
DA:82,22
DA:83,22
DA:86,4
DA:87,4
DA:89,26
DA:94,6
DA:102,28
DA:103,28
DA:104,28
DA:106,28
DA:107,28
DA:108,28
DA:109,25
DA:111,25
DA:112,0
DA:113,0
DA:115,25
DA:116,5
DA:117,5
DA:121,3
DA:122,3
DA:123,0
DA:124,0
DA:126,3
DA:127,1
DA:128,0
DA:129,0
DA:132,1
DA:133,1
DA:137,28
DA:144,6
LF:51
LH:39
BRDA:13,0,0,48
BRDA:13,0,1,0
BRDA:18,1,0,0
BRDA:18,1,1,0
BRDA:39,2,0,48
BRDA:39,2,1,0
BRDA:40,3,0,4
BRDA:40,3,1,44
BRDA:60,4,0,0
BRDA:60,4,1,0
BRDA:81,5,0,22
BRDA:81,5,1,4
BRDA:108,6,0,25
BRDA:108,6,1,3
BRDA:111,7,0,0
BRDA:111,7,1,25
BRDA:115,8,0,5
BRDA:115,8,1,20
BRDA:122,9,0,0
BRDA:122,9,1,3
BRDA:126,10,0,1
BRDA:126,10,1,2
BRDA:127,11,0,0
BRDA:127,11,1,1
BRF:24
BRH:15
end_of_record
TN:
SF:/Users/yi.a.zhuang/Desktop/backup/react-multi-carousel/lib/utils/common.js
FN:4,getInitialState
FN:22,getIfSlideIsVisbile
FNF:2
FNH:2
FNDA:92,getInitialState
FNDA:744,getIfSlideIsVisbile
DA:2,6
DA:3,6
DA:5,92
DA:6,92
DA:8,92
DA:9,92
DA:10,0
DA:12,92
DA:13,92
DA:14,92
DA:21,6
DA:23,744
DA:24,744
DA:26,6
LF:14
LH:13
BRDA:8,0,0,92
BRDA:8,0,1,74
BRDA:8,0,2,74
BRDA:8,0,3,0
BRDA:9,1,0,0
BRDA:9,1,1,92
BRDA:9,2,0,92
BRDA:9,2,1,44
BRDA:9,2,2,0
BRDA:12,3,0,92
BRDA:12,3,1,44
BRDA:12,3,2,0
BRDA:12,3,3,0
BRDA:24,4,0,744
BRDA:24,4,1,610
BRF:15
BRH:10
end_of_record
TN:
SF:/Users/yi.a.zhuang/Desktop/backup/react-multi-carousel/lib/utils/elementWidth.js
FN:3,getParitialVisibilityGutter
FN:12,getWidthFromDeviceType
FNF:2
FNH:1
FNDA:92,getParitialVisibilityGutter
FNDA:0,getWidthFromDeviceType
DA:2,6
DA:4,92
DA:5,92
DA:6,92
DA:7,0
DA:9,92
DA:11,6
DA:14,0
DA:15,0
DA:16,0
DA:18,0
DA:20,6
LF:12
LH:7
BRDA:5,0,0,92
BRDA:5,0,1,18
BRDA:6,1,0,0
BRDA:6,1,1,92
BRDA:6,2,0,92
BRDA:6,2,1,0
BRDA:14,3,0,0
BRDA:14,3,1,0
BRF:8
BRH:4
end_of_record
TN:
SF:/Users/yi.a.zhuang/Desktop/backup/react-multi-carousel/lib/utils/index.js
FNF:0
FNH:0
DA:2,6
DA:3,6
DA:4,6
DA:5,6
DA:6,6
DA:7,6
DA:8,6
DA:9,6
DA:10,6
DA:11,6
DA:12,6
DA:13,6
DA:14,6
DA:15,6
LF:14
LH:14
BRF:0
BRH:0
end_of_record
TN:
SF:/Users/yi.a.zhuang/Desktop/backup/react-multi-carousel/lib/utils/throttle.js
FN:3,(anonymous_0)
FN:5,(anonymous_1)
FN:14,(anonymous_2)
FNF:3
FNH:2
FNDA:27,(anonymous_0)
FNDA:1,(anonymous_1)
FNDA:0,(anonymous_2)
DA:2,6
DA:3,6
DA:5,27
DA:6,1
DA:7,1
DA:8,1
DA:9,1
DA:10,1
DA:11,1
DA:12,1
DA:14,1
DA:15,0
DA:16,0
DA:17,0
DA:23,6
LF:15
LH:12
BRDA:8,0,0,1
BRDA:8,0,1,0
BRDA:11,1,0,1
BRDA:11,1,1,0
BRDA:16,2,0,0
BRDA:16,2,1,0
BRF:6
BRH:2
end_of_record
TN:
SF:/Users/yi.a.zhuang/Desktop/backup/react-multi-carousel/test/common/data.ts
FN:35,(anonymous_0)
FN:44,(anonymous_1)
FNF:2
FNH:2
FNDA:72,(anonymous_0)
FNDA:30,(anonymous_1)
DA:33,6
DA:36,72
DA:42,6
DA:45,30
DA:51,6
LF:5
LH:5
BRF:0
BRH:0
end_of_record
TN:
SF:/Users/yi.a.zhuang/Desktop/backup/react-multi-carousel/test/common/responsive.ts
FNF:0
FNH:0
DA:30,5
LF:1
LH:1
BRF:0
BRH:0
end_of_record
TN:
SF:/Users/yi.a.zhuang/Desktop/backup/react-multi-carousel/test/components/Arrows.tsx
FN:4,(anonymous_0)
FN:6,(anonymous_1)
FN:15,(anonymous_2)
FN:19,(anonymous_3)
FN:28,(anonymous_4)
FN:33,(anonymous_5)
FN:34,(anonymous_6)
FN:36,(anonymous_7)
FNF:8
FNH:3
FNDA:6,(anonymous_0)
FNDA:0,(anonymous_1)
FNDA:12,(anonymous_2)
FNDA:0,(anonymous_3)
FNDA:2,(anonymous_4)
FNDA:0,(anonymous_5)
FNDA:0,(anonymous_6)
FNDA:0,(anonymous_7)
DA:1,3
DA:2,3
DA:4,6
DA:6,0
DA:15,12
DA:16,12
DA:19,0
DA:28,3
DA:29,2
DA:30,2
DA:33,0
DA:34,0
DA:36,0
DA:44,3
LF:14
LH:9
BRF:0
BRH:0
end_of_record
TN:
SF:/Users/yi.a.zhuang/Desktop/backup/react-multi-carousel/test/components/Card.tsx
FN:20,MediaCard
FNF:1
FNH:1
FNDA:271,MediaCard
DA:1,6
DA:2,6
DA:3,6
DA:4,6
DA:5,6
DA:6,6
DA:7,6
DA:8,6
DA:9,6
DA:21,271
DA:22,271
DA:44,6
LF:12
LH:12
BRF:0
BRH:0
end_of_record
TN:
SF:/Users/yi.a.zhuang/Desktop/backup/react-multi-carousel/test/components/CustomDot.tsx
FN:3,(anonymous_0)
FN:9,(anonymous_1)
FNF:2
FNH:1
FNDA:24,(anonymous_0)
FNDA:0,(anonymous_1)
DA:1,1
DA:3,24
DA:4,24
DA:5,24
DA:9,0
DA:15,1
LF:6
LH:5
BRDA:6,0,0,2
BRDA:6,0,1,22
BRDA:8,1,0,2
BRDA:8,1,1,22
BRF:4
BRH:4
end_of_record
